2013-09-04 21:34:17,317 INFO [main]: Initialized JUL to LOG4J Redirector.
2013-09-04 21:34:17,317 INFO [main]: Programmatically set 'useParentHandlers=false' in 'OpenRemote.Controller' log category.
2013-09-04 21:34:17,894 INFO [Controller Auto-Discovery]: Created IP discover multicast server !
2013-09-04 21:34:17,909 INFO [Cluster UDP]: UDP Server : Starting UDP server...
2013-09-04 21:34:17,925 INFO [Cluster TCP]: TCP Server : starting for receiving groupmember urls...
2013-09-04 21:34:17,925 INFO [Cluster TCP]: TCP Server : started successfully for receiving groupmember urls...
2013-09-04 21:34:17,925 INFO [Cluster TCP]: TCP Server : Waiting for groupmember response...
2013-09-04 21:34:17,925 INFO [Controller Auto-Discovery]: Joined a group : 224.0.1.100:3333
2013-09-04 21:34:17,925 INFO [Controller Auto-Discovery]: Listening on  224.0.1.100:3333
2013-09-04 21:34:17,941 INFO [main]: 

--------------------------------------------------------------------

  DEPLOYING NEW CONTROLLER RUNTIME...

--------------------------------------------------------------------

2013-09-04 21:34:17,972 INFO [Cluster UDP]: UDP Server : Started UDP server successfully.
2013-09-04 21:34:28,095 INFO [main]: No rule definitions found in 'C:\OpenRemote\webapps\controller\rules'.
2013-09-04 21:34:28,095 INFO [main]: Initialized event processor : Drools Rule Engine
2013-09-04 21:34:28,157 INFO [main]: Initialized event processor : RRD4J Data Logger
2013-09-04 21:34:28,157 INFO [main]: Initialized event processor : EmonCMS Data Logger
2013-09-04 21:34:28,157 DEBUG [main]: Building Z-Wave command
2013-09-04 21:34:28,157 DEBUG [main]: Z-Wave command: nodeId = 3
2013-09-04 21:34:28,157 DEBUG [main]: Z-Wave command: command = status
2013-09-04 21:34:28,173 ERROR [main]: Creating sensor failed. Error : The node '3' is not known by the Z-Wave controller 
 XML Element : <sensor xmlns="http://www.openremote.org" id="216" name="Wall Sensor" type="switch">
      <include type="command" ref="214" />
      <state name="on" />
      <state name="off" />
    </sensor>
org.openremote.controller.exception.NoSuchCommandException: The node '3' is not known by the Z-Wave controller
	at org.openremote.controller.protocol.zwave.ZWaveCommandBuilder.build(ZWaveCommandBuilder.java:108)
	at org.openremote.controller.command.CommandFactory.getCommand(CommandFactory.java:164)
	at org.openremote.controller.model.xml.Version20SensorBuilder.parseSensorEventProducer(Version20SensorBuilder.java:420)
	at org.openremote.controller.model.xml.Version20SensorBuilder.build(Version20SensorBuilder.java:287)
	at org.openremote.controller.deployer.Version20ModelBuilder.buildSensorObjectModelFromXML(Version20ModelBuilder.java:817)
	at org.openremote.controller.deployer.Version20ModelBuilder.buildSensorModel(Version20ModelBuilder.java:663)
	at org.openremote.controller.deployer.Version20ModelBuilder.build(Version20ModelBuilder.java:557)
	at org.openremote.controller.deployer.AbstractModelBuilder.buildModel(AbstractModelBuilder.java:154)
	at org.openremote.controller.service.Deployer.startup(Deployer.java:858)
	at org.openremote.controller.service.Deployer.startController(Deployer.java:336)
	at org.openremote.controller.spring.SpringContext.initializeController(SpringContext.java:109)
	at org.openremote.controller.service.ServiceContext.init(ServiceContext.java:383)
	at org.openremote.controller.bootstrap.Startup.loadServiceContext(Startup.java:85)
	at org.openremote.controller.bootstrap.servlet.ServletStartup.initializeServiceContext(ServletStartup.java:190)
	at org.openremote.controller.bootstrap.servlet.ServletStartup.contextInitialized(ServletStartup.java:109)
	at org.apache.catalina.core.StandardContext.listenerStart(StandardContext.java:3843)
	at org.apache.catalina.core.StandardContext.start(StandardContext.java:4342)
	at org.apache.catalina.core.ContainerBase.addChildInternal(ContainerBase.java:791)
	at org.apache.catalina.core.ContainerBase.addChild(ContainerBase.java:771)
	at org.apache.catalina.core.StandardHost.addChild(StandardHost.java:525)
	at org.apache.catalina.startup.HostConfig.deployDirectory(HostConfig.java:926)
	at org.apache.catalina.startup.HostConfig.deployDirectories(HostConfig.java:889)
	at org.apache.catalina.startup.HostConfig.deployApps(HostConfig.java:492)
	at org.apache.catalina.startup.HostConfig.start(HostConfig.java:1149)
	at org.apache.catalina.startup.HostConfig.lifecycleEvent(HostConfig.java:311)
	at org.apache.catalina.util.LifecycleSupport.fireLifecycleEvent(LifecycleSupport.java:117)
	at org.apache.catalina.core.ContainerBase.start(ContainerBase.java:1053)
	at org.apache.catalina.core.StandardHost.start(StandardHost.java:719)
	at org.apache.catalina.core.ContainerBase.start(ContainerBase.java:1045)
	at org.apache.catalina.core.StandardEngine.start(StandardEngine.java:443)
	at org.apache.catalina.core.StandardService.start(StandardService.java:516)
	at org.apache.catalina.core.StandardServer.start(StandardServer.java:710)
	at org.apache.catalina.startup.Catalina.start(Catalina.java:578)
	at sun.reflect.NativeMethodAccessorImpl.invoke0(Native Method)
	at sun.reflect.NativeMethodAccessorImpl.invoke(NativeMethodAccessorImpl.java:39)
	at sun.reflect.DelegatingMethodAccessorImpl.invoke(DelegatingMethodAccessorImpl.java:25)
	at java.lang.reflect.Method.invoke(Method.java:597)
	at org.apache.catalina.startup.Bootstrap.start(Bootstrap.java:288)
	at org.apache.catalina.startup.Bootstrap.main(Bootstrap.java:413)
2013-09-04 21:34:28,188 DEBUG [main]: Building Z-Wave command
2013-09-04 21:34:28,188 DEBUG [main]: Z-Wave command: nodeId = 3
2013-09-04 21:34:28,188 DEBUG [main]: Z-Wave command: command = dim
2013-09-04 21:34:28,188 ERROR [main]: Creating sensor failed. Error : The node '3' is not known by the Z-Wave controller 
 XML Element : <sensor xmlns="http://www.openremote.org" id="223" name="Dim Sensor" type="range">
      <include type="command" ref="215" />
      <min value="0" />
      <max value="100" />
    </sensor>
org.openremote.controller.exception.NoSuchCommandException: The node '3' is not known by the Z-Wave controller
	at org.openremote.controller.protocol.zwave.ZWaveCommandBuilder.build(ZWaveCommandBuilder.java:108)
	at org.openremote.controller.command.CommandFactory.getCommand(CommandFactory.java:164)
	at org.openremote.controller.model.xml.Version20SensorBuilder.parseSensorEventProducer(Version20SensorBuilder.java:420)
	at org.openremote.controller.model.xml.Version20SensorBuilder.build(Version20SensorBuilder.java:287)
	at org.openremote.controller.deployer.Version20ModelBuilder.buildSensorObjectModelFromXML(Version20ModelBuilder.java:817)
	at org.openremote.controller.deployer.Version20ModelBuilder.buildSensorModel(Version20ModelBuilder.java:663)
	at org.openremote.controller.deployer.Version20ModelBuilder.build(Version20ModelBuilder.java:557)
	at org.openremote.controller.deployer.AbstractModelBuilder.buildModel(AbstractModelBuilder.java:154)
	at org.openremote.controller.service.Deployer.startup(Deployer.java:858)
	at org.openremote.controller.service.Deployer.startController(Deployer.java:336)
	at org.openremote.controller.spring.SpringContext.initializeController(SpringContext.java:109)
	at org.openremote.controller.service.ServiceContext.init(ServiceContext.java:383)
	at org.openremote.controller.bootstrap.Startup.loadServiceContext(Startup.java:85)
	at org.openremote.controller.bootstrap.servlet.ServletStartup.initializeServiceContext(ServletStartup.java:190)
	at org.openremote.controller.bootstrap.servlet.ServletStartup.contextInitialized(ServletStartup.java:109)
	at org.apache.catalina.core.StandardContext.listenerStart(StandardContext.java:3843)
	at org.apache.catalina.core.StandardContext.start(StandardContext.java:4342)
	at org.apache.catalina.core.ContainerBase.addChildInternal(ContainerBase.java:791)
	at org.apache.catalina.core.ContainerBase.addChild(ContainerBase.java:771)
	at org.apache.catalina.core.StandardHost.addChild(StandardHost.java:525)
	at org.apache.catalina.startup.HostConfig.deployDirectory(HostConfig.java:926)
	at org.apache.catalina.startup.HostConfig.deployDirectories(HostConfig.java:889)
	at org.apache.catalina.startup.HostConfig.deployApps(HostConfig.java:492)
	at org.apache.catalina.startup.HostConfig.start(HostConfig.java:1149)
	at org.apache.catalina.startup.HostConfig.lifecycleEvent(HostConfig.java:311)
	at org.apache.catalina.util.LifecycleSupport.fireLifecycleEvent(LifecycleSupport.java:117)
	at org.apache.catalina.core.ContainerBase.start(ContainerBase.java:1053)
	at org.apache.catalina.core.StandardHost.start(StandardHost.java:719)
	at org.apache.catalina.core.ContainerBase.start(ContainerBase.java:1045)
	at org.apache.catalina.core.StandardEngine.start(StandardEngine.java:443)
	at org.apache.catalina.core.StandardService.start(StandardService.java:516)
	at org.apache.catalina.core.StandardServer.start(StandardServer.java:710)
	at org.apache.catalina.startup.Catalina.start(Catalina.java:578)
	at sun.reflect.NativeMethodAccessorImpl.invoke0(Native Method)
	at sun.reflect.NativeMethodAccessorImpl.invoke(NativeMethodAccessorImpl.java:39)
	at sun.reflect.DelegatingMethodAccessorImpl.invoke(DelegatingMethodAccessorImpl.java:25)
	at java.lang.reflect.Method.invoke(Method.java:597)
	at org.apache.catalina.startup.Bootstrap.start(Bootstrap.java:288)
	at org.apache.catalina.startup.Bootstrap.main(Bootstrap.java:413)
2013-09-04 21:34:28,188 INFO [main]: Startup complete.
2013-09-04 21:34:28,188 INFO [main]: Controller Definition File Watcher for Default Deployer started.
2013-09-04 21:34:42,306 INFO [Controller Definition File Watcher for Default Deployer]: 

--------------------------------------------------------------------

  UNDEPLOYING CURRENT CONTROLLER RUNTIME...

--------------------------------------------------------------------

2013-09-04 21:34:42,306 INFO [Controller Definition File Watcher for Default Deployer]: Stopped event processor : Drools Rule Engine
2013-09-04 21:34:42,322 INFO [Controller Definition File Watcher for Default Deployer]: Stopped event processor : RRD4J Data Logger
2013-09-04 21:34:42,322 INFO [Controller Definition File Watcher for Default Deployer]: Stopped event processor : EmonCMS Data Logger
2013-09-04 21:34:42,322 INFO [Controller Definition File Watcher for Default Deployer]: Shutdown complete.
2013-09-04 21:34:42,322 INFO [Controller Definition File Watcher for Default Deployer]: 

--------------------------------------------------------------------

  DEPLOYING NEW CONTROLLER RUNTIME...

--------------------------------------------------------------------

2013-09-04 21:34:42,353 INFO [Controller Definition File Watcher for Default Deployer]: No rule definitions found in 'C:\OpenRemote\webapps\controller\rules'.
2013-09-04 21:34:42,353 INFO [Controller Definition File Watcher for Default Deployer]: Initialized event processor : Drools Rule Engine
2013-09-04 21:34:42,353 INFO [Controller Definition File Watcher for Default Deployer]: Initialized event processor : RRD4J Data Logger
2013-09-04 21:34:42,353 INFO [Controller Definition File Watcher for Default Deployer]: Initialized event processor : EmonCMS Data Logger
2013-09-04 21:34:42,369 DEBUG [Controller Definition File Watcher for Default Deployer]: Building Z-Wave command
2013-09-04 21:34:42,369 DEBUG [Controller Definition File Watcher for Default Deployer]: Z-Wave command: nodeId = 3
2013-09-04 21:34:42,369 DEBUG [Controller Definition File Watcher for Default Deployer]: Z-Wave command: command = status
2013-09-04 21:34:42,369 ERROR [Controller Definition File Watcher for Default Deployer]: Creating sensor failed. Error : The node '3' is not known by the Z-Wave controller 
 XML Element : <sensor xmlns="http://www.openremote.org" id="216" name="Wall Sensor" type="switch">
      <include type="command" ref="214" />
      <state name="on" />
      <state name="off" />
    </sensor>
org.openremote.controller.exception.NoSuchCommandException: The node '3' is not known by the Z-Wave controller
	at org.openremote.controller.protocol.zwave.ZWaveCommandBuilder.build(ZWaveCommandBuilder.java:108)
	at org.openremote.controller.command.CommandFactory.getCommand(CommandFactory.java:164)
	at org.openremote.controller.model.xml.Version20SensorBuilder.parseSensorEventProducer(Version20SensorBuilder.java:420)
	at org.openremote.controller.model.xml.Version20SensorBuilder.build(Version20SensorBuilder.java:287)
	at org.openremote.controller.deployer.Version20ModelBuilder.buildSensorObjectModelFromXML(Version20ModelBuilder.java:817)
	at org.openremote.controller.deployer.Version20ModelBuilder.buildSensorModel(Version20ModelBuilder.java:663)
	at org.openremote.controller.deployer.Version20ModelBuilder.build(Version20ModelBuilder.java:557)
	at org.openremote.controller.deployer.AbstractModelBuilder.buildModel(AbstractModelBuilder.java:154)
	at org.openremote.controller.service.Deployer.startup(Deployer.java:858)
	at org.openremote.controller.service.Deployer.softRestart(Deployer.java:440)
	at org.openremote.controller.service.Deployer$ControllerDefinitionWatch.run(Deployer.java:1324)
	at java.lang.Thread.run(Thread.java:662)
2013-09-04 21:34:42,369 DEBUG [Controller Definition File Watcher for Default Deployer]: Building Z-Wave command
2013-09-04 21:34:42,369 DEBUG [Controller Definition File Watcher for Default Deployer]: Z-Wave command: nodeId = 3
2013-09-04 21:34:42,369 DEBUG [Controller Definition File Watcher for Default Deployer]: Z-Wave command: command = dim
2013-09-04 21:34:42,369 ERROR [Controller Definition File Watcher for Default Deployer]: Creating sensor failed. Error : The node '3' is not known by the Z-Wave controller 
 XML Element : <sensor xmlns="http://www.openremote.org" id="223" name="Dim Sensor" type="range">
      <include type="command" ref="215" />
      <min value="0" />
      <max value="100" />
    </sensor>
org.openremote.controller.exception.NoSuchCommandException: The node '3' is not known by the Z-Wave controller
	at org.openremote.controller.protocol.zwave.ZWaveCommandBuilder.build(ZWaveCommandBuilder.java:108)
	at org.openremote.controller.command.CommandFactory.getCommand(CommandFactory.java:164)
	at org.openremote.controller.model.xml.Version20SensorBuilder.parseSensorEventProducer(Version20SensorBuilder.java:420)
	at org.openremote.controller.model.xml.Version20SensorBuilder.build(Version20SensorBuilder.java:287)
	at org.openremote.controller.deployer.Version20ModelBuilder.buildSensorObjectModelFromXML(Version20ModelBuilder.java:817)
	at org.openremote.controller.deployer.Version20ModelBuilder.buildSensorModel(Version20ModelBuilder.java:663)
	at org.openremote.controller.deployer.Version20ModelBuilder.build(Version20ModelBuilder.java:557)
	at org.openremote.controller.deployer.AbstractModelBuilder.buildModel(AbstractModelBuilder.java:154)
	at org.openremote.controller.service.Deployer.startup(Deployer.java:858)
	at org.openremote.controller.service.Deployer.softRestart(Deployer.java:440)
	at org.openremote.controller.service.Deployer$ControllerDefinitionWatch.run(Deployer.java:1324)
	at java.lang.Thread.run(Thread.java:662)
2013-09-04 21:34:42,369 INFO [Controller Definition File Watcher for Default Deployer]: Startup complete.
