DEBUG 2013-08-28 19:41:42,008 (Z-Wave): Building Z-Wave command
DEBUG 2013-08-28 19:41:42,008 (Z-Wave): Z-Wave command: nodeId = 3
DEBUG 2013-08-28 19:41:42,008 (Z-Wave): Z-Wave command: command = status
DEBUG 2013-08-28 19:41:42,023 (Z-Wave): Building Z-Wave command
DEBUG 2013-08-28 19:41:42,023 (Z-Wave): Z-Wave command: nodeId = 3
DEBUG 2013-08-28 19:41:42,023 (Z-Wave): Z-Wave command: command = dim
DEBUG 2013-08-28 19:44:12,926 (Z-Wave): Building Z-Wave command
DEBUG 2013-08-28 19:44:12,926 (Z-Wave): Z-Wave command: nodeId = 3
DEBUG 2013-08-28 19:44:12,926 (Z-Wave): Z-Wave command: command = status
DEBUG 2013-08-28 19:44:12,941 (Z-Wave): Building Z-Wave command
DEBUG 2013-08-28 19:44:12,941 (Z-Wave): Z-Wave command: nodeId = 3
DEBUG 2013-08-28 19:44:12,941 (Z-Wave): Z-Wave command: command = dim
DEBUG 2013-08-28 19:44:25,089 (Z-Wave): Building Z-Wave command
DEBUG 2013-08-28 19:44:25,089 (Z-Wave): Z-Wave command: nodeId = 3
DEBUG 2013-08-28 19:44:25,089 (Z-Wave): Z-Wave command: command = status
DEBUG 2013-08-28 19:44:25,104 (Z-Wave): Building Z-Wave command
DEBUG 2013-08-28 19:44:25,104 (Z-Wave): Z-Wave command: nodeId = 3
DEBUG 2013-08-28 19:44:25,104 (Z-Wave): Z-Wave command: command = dim
DEBUG 2013-08-28 19:48:12,550 (Z-Wave): Building Z-Wave command
DEBUG 2013-08-28 19:48:12,550 (Z-Wave): Z-Wave command: nodeId = 3
DEBUG 2013-08-28 19:48:12,550 (Z-Wave): Z-Wave command: command = status
DEBUG 2013-08-28 19:48:12,566 (Z-Wave): Building Z-Wave command
DEBUG 2013-08-28 19:48:12,566 (Z-Wave): Z-Wave command: nodeId = 3
DEBUG 2013-08-28 19:48:12,566 (Z-Wave): Z-Wave command: command = dim
DEBUG 2013-08-28 20:31:42,974 (Z-Wave): Building Z-Wave command
DEBUG 2013-08-28 20:31:42,974 (Z-Wave): Z-Wave command: nodeId = 3
DEBUG 2013-08-28 20:31:42,974 (Z-Wave): Z-Wave command: command = status
DEBUG 2013-08-28 20:31:42,990 (Z-Wave): Building Z-Wave command
DEBUG 2013-08-28 20:31:42,990 (Z-Wave): Z-Wave command: nodeId = 3
DEBUG 2013-08-28 20:31:42,990 (Z-Wave): Z-Wave command: command = dim
DEBUG 2013-08-28 20:34:19,962 (Z-Wave): Building Z-Wave command
DEBUG 2013-08-28 20:34:19,962 (Z-Wave): Z-Wave command: nodeId = 3
DEBUG 2013-08-28 20:34:19,962 (Z-Wave): Z-Wave command: command = status
DEBUG 2013-08-28 20:34:19,993 (Z-Wave): Building Z-Wave command
DEBUG 2013-08-28 20:34:19,993 (Z-Wave): Z-Wave command: nodeId = 3
DEBUG 2013-08-28 20:34:19,993 (Z-Wave): Z-Wave command: command = dim
DEBUG 2013-08-29 18:34:59,062 (Z-Wave): Building Z-Wave command
DEBUG 2013-08-29 18:34:59,078 (Z-Wave): Z-Wave command: nodeId = 3
DEBUG 2013-08-29 18:34:59,078 (Z-Wave): Z-Wave command: command = status
DEBUG 2013-08-29 18:34:59,374 (Z-Wave): Building Z-Wave command
DEBUG 2013-08-29 18:34:59,374 (Z-Wave): Z-Wave command: nodeId = 3
DEBUG 2013-08-29 18:34:59,374 (Z-Wave): Z-Wave command: command = dim
DEBUG 2013-08-29 20:18:55,512 (Z-Wave): Building Z-Wave command
DEBUG 2013-08-29 20:18:55,512 (Z-Wave): Z-Wave command: nodeId = 3
DEBUG 2013-08-29 20:18:55,512 (Z-Wave): Z-Wave command: command = status
DEBUG 2013-08-29 20:18:55,653 (Z-Wave): Building Z-Wave command
DEBUG 2013-08-29 20:18:55,653 (Z-Wave): Z-Wave command: nodeId = 3
DEBUG 2013-08-29 20:18:55,653 (Z-Wave): Z-Wave command: command = dim
DEBUG 2013-08-29 20:21:35,968 (Z-Wave): Building Z-Wave command
DEBUG 2013-08-29 20:21:35,968 (Z-Wave): Z-Wave command: nodeId = 3
DEBUG 2013-08-29 20:21:35,968 (Z-Wave): Z-Wave command: command = status
DEBUG 2013-08-29 20:21:36,140 (Z-Wave): Building Z-Wave command
DEBUG 2013-08-29 20:21:36,140 (Z-Wave): Z-Wave command: nodeId = 3
DEBUG 2013-08-29 20:21:36,140 (Z-Wave): Z-Wave command: command = dim
DEBUG 2013-08-29 20:21:36,764 (Z-Wave): Building Z-Wave command
DEBUG 2013-08-29 20:21:36,764 (Z-Wave): Z-Wave command: nodeId = 3
DEBUG 2013-08-29 20:21:36,764 (Z-Wave): Z-Wave command: command = status
DEBUG 2013-08-29 20:21:36,842 (Z-Wave): Building Z-Wave command
DEBUG 2013-08-29 20:21:36,842 (Z-Wave): Z-Wave command: nodeId = 3
DEBUG 2013-08-29 20:21:36,842 (Z-Wave): Z-Wave command: command = dim
DEBUG 2013-08-29 20:21:40,994 (Z-Wave): Building Z-Wave command
DEBUG 2013-08-29 20:21:40,994 (Z-Wave): Z-Wave command: nodeId = 3
DEBUG 2013-08-29 20:21:40,994 (Z-Wave): Z-Wave command: command = status
DEBUG 2013-08-29 20:21:41,057 (Z-Wave): Building Z-Wave command
DEBUG 2013-08-29 20:21:41,057 (Z-Wave): Z-Wave command: nodeId = 3
DEBUG 2013-08-29 20:21:41,057 (Z-Wave): Z-Wave command: command = dim
DEBUG 2013-08-29 20:31:28,842 (Z-Wave): Building Z-Wave command
DEBUG 2013-08-29 20:31:28,842 (Z-Wave): Z-Wave command: nodeId = 3
DEBUG 2013-08-29 20:31:28,842 (Z-Wave): Z-Wave command: command = status
DEBUG 2013-08-29 20:31:29,045 (Z-Wave): Building Z-Wave command
DEBUG 2013-08-29 20:31:29,045 (Z-Wave): Z-Wave command: nodeId = 3
DEBUG 2013-08-29 20:31:29,045 (Z-Wave): Z-Wave command: command = dim
DEBUG 2013-08-29 21:06:42,328 (Z-Wave): Building Z-Wave command
DEBUG 2013-08-29 21:06:42,328 (Z-Wave): Z-Wave command: nodeId = 3
DEBUG 2013-08-29 21:06:42,328 (Z-Wave): Z-Wave command: command = status
DEBUG 2013-08-29 21:06:42,468 (Z-Wave): Building Z-Wave command
DEBUG 2013-08-29 21:06:42,468 (Z-Wave): Z-Wave command: nodeId = 3
DEBUG 2013-08-29 21:06:42,468 (Z-Wave): Z-Wave command: command = dim
DEBUG 2013-08-30 19:09:27,608 (Z-Wave): Building Z-Wave command
DEBUG 2013-08-30 19:09:27,639 (Z-Wave): Z-Wave command: nodeId = 3
DEBUG 2013-08-30 19:09:27,639 (Z-Wave): Z-Wave command: command = status
DEBUG 2013-08-30 19:09:27,795 (Z-Wave): Building Z-Wave command
DEBUG 2013-08-30 19:09:27,795 (Z-Wave): Z-Wave command: nodeId = 3
DEBUG 2013-08-30 19:09:27,795 (Z-Wave): Z-Wave command: command = dim
DEBUG 2013-08-30 19:10:06,123 (Z-Wave): Building Z-Wave command
DEBUG 2013-08-30 19:10:06,123 (Z-Wave): Z-Wave command: nodeId = 3
DEBUG 2013-08-30 19:10:06,123 (Z-Wave): Z-Wave command: command = status
DEBUG 2013-08-30 19:10:06,201 (Z-Wave): Building Z-Wave command
DEBUG 2013-08-30 19:10:06,201 (Z-Wave): Z-Wave command: nodeId = 3
DEBUG 2013-08-30 19:10:06,201 (Z-Wave): Z-Wave command: command = dim
DEBUG 2013-08-30 19:11:32,635 (Z-Wave): Building Z-Wave command
DEBUG 2013-08-30 19:11:32,635 (Z-Wave): Z-Wave command: nodeId = 3
DEBUG 2013-08-30 19:11:32,635 (Z-Wave): Z-Wave command: command = status
DEBUG 2013-08-30 19:11:32,666 (Z-Wave): Building Z-Wave command
DEBUG 2013-08-30 19:11:32,666 (Z-Wave): Z-Wave command: nodeId = 3
DEBUG 2013-08-30 19:11:32,666 (Z-Wave): Z-Wave command: command = dim
DEBUG 2013-08-31 08:29:48,276 (Z-Wave): Building Z-Wave command
DEBUG 2013-08-31 08:29:48,292 (Z-Wave): Z-Wave command: nodeId = 3
DEBUG 2013-08-31 08:29:48,292 (Z-Wave): Z-Wave command: command = status
DEBUG 2013-08-31 08:29:49,056 (Z-Wave): Building Z-Wave command
DEBUG 2013-08-31 08:29:49,056 (Z-Wave): Z-Wave command: nodeId = 3
DEBUG 2013-08-31 08:29:49,056 (Z-Wave): Z-Wave command: command = dim
DEBUG 2013-08-31 08:30:43,690 (Z-Wave): Building Z-Wave command
DEBUG 2013-08-31 08:30:43,690 (Z-Wave): Z-Wave command: nodeId = 3
DEBUG 2013-08-31 08:30:43,690 (Z-Wave): Z-Wave command: command = status
DEBUG 2013-08-31 08:30:43,768 (Z-Wave): Building Z-Wave command
DEBUG 2013-08-31 08:30:43,768 (Z-Wave): Z-Wave command: nodeId = 3
DEBUG 2013-08-31 08:30:43,768 (Z-Wave): Z-Wave command: command = dim
DEBUG 2013-08-31 08:30:45,924 (Z-Wave): Building Z-Wave command
DEBUG 2013-08-31 08:30:45,924 (Z-Wave): Z-Wave command: nodeId = 3
DEBUG 2013-08-31 08:30:45,924 (Z-Wave): Z-Wave command: command = status
DEBUG 2013-08-31 08:30:45,970 (Z-Wave): Building Z-Wave command
DEBUG 2013-08-31 08:30:45,970 (Z-Wave): Z-Wave command: nodeId = 3
DEBUG 2013-08-31 08:30:45,970 (Z-Wave): Z-Wave command: command = dim
DEBUG 2013-08-31 08:34:06,083 (Z-Wave): Building Z-Wave command
DEBUG 2013-08-31 08:34:06,083 (Z-Wave): Z-Wave command: nodeId = 3
DEBUG 2013-08-31 08:34:06,083 (Z-Wave): Z-Wave command: command = status
DEBUG 2013-08-31 08:34:06,410 (Z-Wave): Building Z-Wave command
DEBUG 2013-08-31 08:34:06,410 (Z-Wave): Z-Wave command: nodeId = 3
DEBUG 2013-08-31 08:34:06,410 (Z-Wave): Z-Wave command: command = dim
DEBUG 2013-08-31 08:34:12,858 (Z-Wave): Building Z-Wave command
DEBUG 2013-08-31 08:34:12,858 (Z-Wave): Z-Wave command: nodeId = 3
DEBUG 2013-08-31 08:34:12,858 (Z-Wave): Z-Wave command: command = status
DEBUG 2013-08-31 08:34:12,920 (Z-Wave): Building Z-Wave command
DEBUG 2013-08-31 08:34:12,920 (Z-Wave): Z-Wave command: nodeId = 3
DEBUG 2013-08-31 08:34:12,920 (Z-Wave): Z-Wave command: command = dim
DEBUG 2013-08-31 08:34:14,215 (Z-Wave): Building Z-Wave command
DEBUG 2013-08-31 08:34:14,215 (Z-Wave): Z-Wave command: nodeId = 3
DEBUG 2013-08-31 08:34:14,215 (Z-Wave): Z-Wave command: command = status
DEBUG 2013-08-31 08:34:14,246 (Z-Wave): Building Z-Wave command
DEBUG 2013-08-31 08:34:14,246 (Z-Wave): Z-Wave command: nodeId = 3
DEBUG 2013-08-31 08:34:14,246 (Z-Wave): Z-Wave command: command = dim
DEBUG 2013-08-31 08:34:19,069 (Z-Wave): Building Z-Wave command
DEBUG 2013-08-31 08:34:19,069 (Z-Wave): Z-Wave command: nodeId = 3
DEBUG 2013-08-31 08:34:19,069 (Z-Wave): Z-Wave command: command = status
DEBUG 2013-08-31 08:34:19,085 (Z-Wave): Building Z-Wave command
DEBUG 2013-08-31 08:34:19,085 (Z-Wave): Z-Wave command: nodeId = 3
DEBUG 2013-08-31 08:34:19,085 (Z-Wave): Z-Wave command: command = dim
DEBUG 2013-08-31 12:57:47,878 (Z-Wave): Building Z-Wave command
DEBUG 2013-08-31 12:57:47,878 (Z-Wave): Z-Wave command: nodeId = 3
DEBUG 2013-08-31 12:57:47,878 (Z-Wave): Z-Wave command: command = status
DEBUG 2013-08-31 12:57:47,987 (Z-Wave): Building Z-Wave command
DEBUG 2013-08-31 12:57:47,987 (Z-Wave): Z-Wave command: nodeId = 3
DEBUG 2013-08-31 12:57:47,987 (Z-Wave): Z-Wave command: command = dim
DEBUG 2013-08-31 12:59:06,547 (Z-Wave): Building Z-Wave command
DEBUG 2013-08-31 12:59:06,547 (Z-Wave): Z-Wave command: nodeId = 3
DEBUG 2013-08-31 12:59:06,547 (Z-Wave): Z-Wave command: command = status
DEBUG 2013-08-31 12:59:06,625 (Z-Wave): Building Z-Wave command
DEBUG 2013-08-31 12:59:06,625 (Z-Wave): Z-Wave command: nodeId = 3
DEBUG 2013-08-31 12:59:06,641 (Z-Wave): Z-Wave command: command = dim
DEBUG 2013-08-31 13:00:58,086 (Z-Wave): Building Z-Wave command
DEBUG 2013-08-31 13:00:58,086 (Z-Wave): Z-Wave command: nodeId = 3
DEBUG 2013-08-31 13:00:58,086 (Z-Wave): Z-Wave command: command = On
DEBUG 2013-08-31 13:02:57,997 (Z-Wave): Building Z-Wave command
DEBUG 2013-08-31 13:02:57,997 (Z-Wave): Z-Wave command: nodeId = 3
DEBUG 2013-08-31 13:02:57,997 (Z-Wave): Z-Wave command: command = status
DEBUG 2013-08-31 13:02:58,012 (Z-Wave): Building Z-Wave command
DEBUG 2013-08-31 13:02:58,012 (Z-Wave): Z-Wave command: nodeId = 3
DEBUG 2013-08-31 13:02:58,012 (Z-Wave): Z-Wave command: command = dim
DEBUG 2013-08-31 13:04:12,507 (Z-Wave): Building Z-Wave command
DEBUG 2013-08-31 13:04:12,507 (Z-Wave): Z-Wave command: nodeId = 3
DEBUG 2013-08-31 13:04:12,507 (Z-Wave): Z-Wave command: command = status
DEBUG 2013-08-31 13:04:12,523 (Z-Wave): Building Z-Wave command
DEBUG 2013-08-31 13:04:12,523 (Z-Wave): Z-Wave command: nodeId = 3
DEBUG 2013-08-31 13:04:12,523 (Z-Wave): Z-Wave command: command = dim
DEBUG 2013-08-31 13:04:18,627 (Z-Wave): Building Z-Wave command
DEBUG 2013-08-31 13:04:18,627 (Z-Wave): Z-Wave command: nodeId = 3
DEBUG 2013-08-31 13:04:18,627 (Z-Wave): Z-Wave command: command = status
DEBUG 2013-08-31 13:04:18,642 (Z-Wave): Building Z-Wave command
DEBUG 2013-08-31 13:04:18,642 (Z-Wave): Z-Wave command: nodeId = 3
DEBUG 2013-08-31 13:04:18,642 (Z-Wave): Z-Wave command: command = dim
DEBUG 2013-08-31 13:06:25,325 (Z-Wave): Building Z-Wave command
DEBUG 2013-08-31 13:06:25,325 (Z-Wave): Z-Wave command: nodeId = 3
DEBUG 2013-08-31 13:06:25,325 (Z-Wave): Z-Wave command: command = status
DEBUG 2013-08-31 13:06:25,340 (Z-Wave): Building Z-Wave command
DEBUG 2013-08-31 13:06:25,340 (Z-Wave): Z-Wave command: nodeId = 3
DEBUG 2013-08-31 13:06:25,340 (Z-Wave): Z-Wave command: command = dim
DEBUG 2013-08-31 13:23:13,730 (Z-Wave): Building Z-Wave command
DEBUG 2013-08-31 13:23:13,746 (Z-Wave): Z-Wave command: nodeId = 3
DEBUG 2013-08-31 13:23:13,746 (Z-Wave): Z-Wave command: command = status
DEBUG 2013-08-31 13:23:13,917 (Z-Wave): Building Z-Wave command
DEBUG 2013-08-31 13:23:13,917 (Z-Wave): Z-Wave command: nodeId = 3
DEBUG 2013-08-31 13:23:13,917 (Z-Wave): Z-Wave command: command = dim
DEBUG 2013-08-31 13:24:40,156 (Z-Wave): Building Z-Wave command
DEBUG 2013-08-31 13:24:40,156 (Z-Wave): Z-Wave command: nodeId = 3
DEBUG 2013-08-31 13:24:40,156 (Z-Wave): Z-Wave command: command = status
DEBUG 2013-08-31 13:24:40,232 (Z-Wave): Building Z-Wave command
DEBUG 2013-08-31 13:24:40,232 (Z-Wave): Z-Wave command: nodeId = 3
DEBUG 2013-08-31 13:24:40,232 (Z-Wave): Z-Wave command: command = dim
DEBUG 2013-08-31 13:25:06,335 (Z-Wave): Building Z-Wave command
DEBUG 2013-08-31 13:25:06,335 (Z-Wave): Z-Wave command: nodeId = 3
DEBUG 2013-08-31 13:25:06,335 (Z-Wave): Z-Wave command: command = status
DEBUG 2013-08-31 13:25:06,366 (Z-Wave): Building Z-Wave command
DEBUG 2013-08-31 13:25:06,367 (Z-Wave): Z-Wave command: nodeId = 3
DEBUG 2013-08-31 13:25:06,367 (Z-Wave): Z-Wave command: command = dim
DEBUG 2013-08-31 13:27:35,065 (Z-Wave): Building Z-Wave command
DEBUG 2013-08-31 13:27:35,065 (Z-Wave): Z-Wave command: nodeId = 3
DEBUG 2013-08-31 13:27:35,065 (Z-Wave): Z-Wave command: command = status
DEBUG 2013-08-31 13:27:35,081 (Z-Wave): Building Z-Wave command
DEBUG 2013-08-31 13:27:35,081 (Z-Wave): Z-Wave command: nodeId = 3
DEBUG 2013-08-31 13:27:35,081 (Z-Wave): Z-Wave command: command = dim
DEBUG 2013-08-31 13:27:57,404 (Z-Wave): Building Z-Wave command
DEBUG 2013-08-31 13:27:57,404 (Z-Wave): Z-Wave command: nodeId = 3
DEBUG 2013-08-31 13:27:57,404 (Z-Wave): Z-Wave command: command = On
DEBUG 2013-08-31 13:28:00,478 (Z-Wave): Building Z-Wave command
DEBUG 2013-08-31 13:28:00,478 (Z-Wave): Z-Wave command: nodeId = 3
DEBUG 2013-08-31 13:28:00,478 (Z-Wave): Z-Wave command: command = On
DEBUG 2013-08-31 13:28:02,412 (Z-Wave): Building Z-Wave command
DEBUG 2013-08-31 13:28:02,412 (Z-Wave): Z-Wave command: nodeId = 3
DEBUG 2013-08-31 13:28:02,412 (Z-Wave): Z-Wave command: command = On
DEBUG 2013-08-31 13:28:05,282 (Z-Wave): Building Z-Wave command
DEBUG 2013-08-31 13:28:05,282 (Z-Wave): Z-Wave command: nodeId = 3
DEBUG 2013-08-31 13:28:05,282 (Z-Wave): Z-Wave command: command = On
DEBUG 2013-08-31 13:28:09,073 (Z-Wave): Building Z-Wave command
DEBUG 2013-08-31 13:28:09,073 (Z-Wave): Z-Wave command: nodeId = 3
DEBUG 2013-08-31 13:28:09,073 (Z-Wave): Z-Wave command: command = On
DEBUG 2013-08-31 13:28:10,508 (Z-Wave): Building Z-Wave command
DEBUG 2013-08-31 13:28:10,508 (Z-Wave): Z-Wave command: nodeId = 3
DEBUG 2013-08-31 13:28:10,508 (Z-Wave): Z-Wave command: command = On
DEBUG 2013-08-31 13:29:27,838 (Z-Wave): Building Z-Wave command
DEBUG 2013-08-31 13:29:27,838 (Z-Wave): Z-Wave command: nodeId = 3
DEBUG 2013-08-31 13:29:27,838 (Z-Wave): Z-Wave command: command = status
DEBUG 2013-08-31 13:29:27,853 (Z-Wave): Building Z-Wave command
DEBUG 2013-08-31 13:29:27,853 (Z-Wave): Z-Wave command: nodeId = 3
DEBUG 2013-08-31 13:29:27,853 (Z-Wave): Z-Wave command: command = dim
DEBUG 2013-08-31 13:29:31,005 (Z-Wave): Building Z-Wave command
DEBUG 2013-08-31 13:29:31,005 (Z-Wave): Z-Wave command: nodeId = 3
DEBUG 2013-08-31 13:29:31,005 (Z-Wave): Z-Wave command: command = On
DEBUG 2013-08-31 13:29:35,607 (Z-Wave): Building Z-Wave command
DEBUG 2013-08-31 13:29:35,607 (Z-Wave): Z-Wave command: nodeId = 3
DEBUG 2013-08-31 13:29:35,607 (Z-Wave): Z-Wave command: command = On
DEBUG 2013-08-31 13:29:46,449 (Z-Wave): Building Z-Wave command
DEBUG 2013-08-31 13:29:46,449 (Z-Wave): Z-Wave command: nodeId = 3
DEBUG 2013-08-31 13:29:46,449 (Z-Wave): Z-Wave command: command = On
DEBUG 2013-08-31 13:29:49,943 (Z-Wave): Building Z-Wave command
DEBUG 2013-08-31 13:29:49,943 (Z-Wave): Z-Wave command: nodeId = 3
DEBUG 2013-08-31 13:29:49,943 (Z-Wave): Z-Wave command: command = On
DEBUG 2013-08-31 13:30:22,251 (Z-Wave): Building Z-Wave command
DEBUG 2013-08-31 13:30:22,251 (Z-Wave): Z-Wave command: nodeId = 3
DEBUG 2013-08-31 13:30:22,251 (Z-Wave): Z-Wave command: command = status
DEBUG 2013-08-31 13:30:22,266 (Z-Wave): Building Z-Wave command
DEBUG 2013-08-31 13:30:22,266 (Z-Wave): Z-Wave command: nodeId = 3
DEBUG 2013-08-31 13:30:22,266 (Z-Wave): Z-Wave command: command = dim
DEBUG 2013-08-31 13:30:37,554 (Z-Wave): Building Z-Wave command
DEBUG 2013-08-31 13:30:37,554 (Z-Wave): Z-Wave command: nodeId = 3
DEBUG 2013-08-31 13:30:37,554 (Z-Wave): Z-Wave command: command = On
DEBUG 2013-08-31 13:30:40,550 (Z-Wave): Building Z-Wave command
DEBUG 2013-08-31 13:30:40,550 (Z-Wave): Z-Wave command: nodeId = 3
DEBUG 2013-08-31 13:30:40,550 (Z-Wave): Z-Wave command: command = On
DEBUG 2013-08-31 13:31:16,695 (Z-Wave): Building Z-Wave command
DEBUG 2013-08-31 13:31:16,695 (Z-Wave): Z-Wave command: nodeId = 3
DEBUG 2013-08-31 13:31:16,695 (Z-Wave): Z-Wave command: command = status
DEBUG 2013-08-31 13:31:16,710 (Z-Wave): Building Z-Wave command
DEBUG 2013-08-31 13:31:16,710 (Z-Wave): Z-Wave command: nodeId = 3
DEBUG 2013-08-31 13:31:16,710 (Z-Wave): Z-Wave command: command = dim
DEBUG 2013-08-31 13:31:34,806 (Z-Wave): Building Z-Wave command
DEBUG 2013-08-31 13:31:34,806 (Z-Wave): Z-Wave command: nodeId = 1
DEBUG 2013-08-31 13:31:34,806 (Z-Wave): Z-Wave command: command = On
DEBUG 2013-08-31 13:31:58,550 (Z-Wave): Building Z-Wave command
DEBUG 2013-08-31 13:31:58,550 (Z-Wave): Z-Wave command: nodeId = 1
DEBUG 2013-08-31 13:31:58,550 (Z-Wave): Z-Wave command: command = On
DEBUG 2013-08-31 13:33:49,426 (Z-Wave): Building Z-Wave command
DEBUG 2013-08-31 13:33:49,426 (Z-Wave): Z-Wave command: nodeId = 3
DEBUG 2013-08-31 13:33:49,426 (Z-Wave): Z-Wave command: command = status
DEBUG 2013-08-31 13:33:49,438 (Z-Wave): Building Z-Wave command
DEBUG 2013-08-31 13:33:49,438 (Z-Wave): Z-Wave command: nodeId = 3
DEBUG 2013-08-31 13:33:49,438 (Z-Wave): Z-Wave command: command = dim
DEBUG 2013-08-31 13:34:01,021 (Z-Wave): Building Z-Wave command
DEBUG 2013-08-31 13:34:01,021 (Z-Wave): Z-Wave command: nodeId = 3
DEBUG 2013-08-31 13:34:01,021 (Z-Wave): Z-Wave command: command = On
DEBUG 2013-08-31 13:34:12,592 (Z-Wave): Building Z-Wave command
DEBUG 2013-08-31 13:34:12,592 (Z-Wave): Z-Wave command: nodeId = 3
DEBUG 2013-08-31 13:34:12,592 (Z-Wave): Z-Wave command: command = On
DEBUG 2013-08-31 13:48:34,474 (Z-Wave): Building Z-Wave command
DEBUG 2013-08-31 13:48:34,474 (Z-Wave): Z-Wave command: nodeId = 3
DEBUG 2013-08-31 13:48:34,474 (Z-Wave): Z-Wave command: command = On
DEBUG 2013-08-31 13:49:05,815 (Z-Wave): Building Z-Wave command
DEBUG 2013-08-31 13:49:05,815 (Z-Wave): Z-Wave command: nodeId = 3
DEBUG 2013-08-31 13:49:05,815 (Z-Wave): Z-Wave command: command = On
DEBUG 2013-08-31 13:53:20,283 (Z-Wave): Building Z-Wave command
DEBUG 2013-08-31 13:53:20,283 (Z-Wave): Z-Wave command: nodeId = 3
DEBUG 2013-08-31 13:53:20,283 (Z-Wave): Z-Wave command: command = status
DEBUG 2013-08-31 13:53:20,299 (Z-Wave): Building Z-Wave command
DEBUG 2013-08-31 13:53:20,299 (Z-Wave): Z-Wave command: nodeId = 3
DEBUG 2013-08-31 13:53:20,299 (Z-Wave): Z-Wave command: command = dim
DEBUG 2013-08-31 13:53:54,260 (Z-Wave): Building Z-Wave command
DEBUG 2013-08-31 13:53:54,260 (Z-Wave): Z-Wave command: nodeId = 3
DEBUG 2013-08-31 13:53:54,260 (Z-Wave): Z-Wave command: command = on
DEBUG 2013-08-31 13:53:56,616 (Z-Wave): Building Z-Wave command
DEBUG 2013-08-31 13:53:56,616 (Z-Wave): Z-Wave command: nodeId = 3
DEBUG 2013-08-31 13:53:56,616 (Z-Wave): Z-Wave command: command = on
DEBUG 2013-08-31 13:54:10,546 (Z-Wave): Building Z-Wave command
DEBUG 2013-08-31 13:54:10,546 (Z-Wave): Z-Wave command: nodeId = 3
DEBUG 2013-08-31 13:54:10,546 (Z-Wave): Z-Wave command: command = on
DEBUG 2013-08-31 13:56:52,444 (Z-Wave): Building Z-Wave command
DEBUG 2013-08-31 13:56:52,444 (Z-Wave): Z-Wave command: nodeId = 3
DEBUG 2013-08-31 13:56:52,444 (Z-Wave): Z-Wave command: command = on
DEBUG 2013-08-31 14:01:58,750 (Z-Wave): Building Z-Wave command
DEBUG 2013-08-31 14:01:58,750 (Z-Wave): Z-Wave command: nodeId = 3
DEBUG 2013-08-31 14:01:58,750 (Z-Wave): Z-Wave command: command = on
DEBUG 2013-08-31 14:21:10,644 (Z-Wave): Building Z-Wave command
DEBUG 2013-08-31 14:21:10,644 (Z-Wave): Z-Wave command: nodeId = 3
DEBUG 2013-08-31 14:21:10,644 (Z-Wave): Z-Wave command: command = status
DEBUG 2013-08-31 14:21:10,660 (Z-Wave): Building Z-Wave command
DEBUG 2013-08-31 14:21:10,660 (Z-Wave): Z-Wave command: nodeId = 3
DEBUG 2013-08-31 14:21:10,660 (Z-Wave): Z-Wave command: command = dim
DEBUG 2013-08-31 14:37:43,770 (Z-Wave): Building Z-Wave command
DEBUG 2013-08-31 14:37:43,770 (Z-Wave): Z-Wave command: nodeId = 3
DEBUG 2013-08-31 14:37:43,770 (Z-Wave): Z-Wave command: command = on
DEBUG 2013-08-31 14:37:44,566 (Z-Wave): Building Z-Wave command
DEBUG 2013-08-31 14:37:44,566 (Z-Wave): Z-Wave command: nodeId = 3
DEBUG 2013-08-31 14:37:44,566 (Z-Wave): Z-Wave command: command = on
DEBUG 2013-08-31 15:08:54,174 (Z-Wave): Building Z-Wave command
DEBUG 2013-08-31 15:08:54,174 (Z-Wave): Z-Wave command: nodeId = 3
DEBUG 2013-08-31 15:08:54,174 (Z-Wave): Z-Wave command: command = status
DEBUG 2013-08-31 15:08:54,174 (Z-Wave): Building Z-Wave command
DEBUG 2013-08-31 15:08:54,174 (Z-Wave): Z-Wave command: nodeId = 3
DEBUG 2013-08-31 15:08:54,174 (Z-Wave): Z-Wave command: command = dim
DEBUG 2013-08-31 15:11:41,208 (Z-Wave): Building Z-Wave command
DEBUG 2013-08-31 15:11:41,208 (Z-Wave): Z-Wave command: nodeId = 3
DEBUG 2013-08-31 15:11:41,208 (Z-Wave): Z-Wave command: command = status
DEBUG 2013-08-31 15:11:41,208 (Z-Wave): Building Z-Wave command
DEBUG 2013-08-31 15:11:41,208 (Z-Wave): Z-Wave command: nodeId = 3
DEBUG 2013-08-31 15:11:41,208 (Z-Wave): Z-Wave command: command = dim
DEBUG 2013-08-31 15:13:33,512 (Z-Wave): Building Z-Wave command
DEBUG 2013-08-31 15:13:33,528 (Z-Wave): Z-Wave command: nodeId = 3
DEBUG 2013-08-31 15:13:33,528 (Z-Wave): Z-Wave command: command = status
DEBUG 2013-08-31 15:13:33,559 (Z-Wave): Building Z-Wave command
DEBUG 2013-08-31 15:13:33,559 (Z-Wave): Z-Wave command: nodeId = 3
DEBUG 2013-08-31 15:13:33,559 (Z-Wave): Z-Wave command: command = dim
DEBUG 2013-08-31 15:14:39,594 (Z-Wave): Building Z-Wave command
DEBUG 2013-08-31 15:14:39,594 (Z-Wave): Z-Wave command: nodeId = 3
DEBUG 2013-08-31 15:14:39,594 (Z-Wave): Z-Wave command: command = on
