INFO 2013-09-04 21:34:17,941 : 

--------------------------------------------------------------------

  DEPLOYING NEW CONTROLLER RUNTIME...

--------------------------------------------------------------------

INFO 2013-09-04 21:34:28,095 : No rule definitions found in 'C:\OpenRemote\webapps\controller\rules'.
INFO 2013-09-04 21:34:28,095 : Initialized event processor : Drools Rule Engine
INFO 2013-09-04 21:34:28,157 : Initialized event processor : RRD4J Data Logger
INFO 2013-09-04 21:34:28,157 : Initialized event processor : EmonCMS Data Logger
ERROR 2013-09-04 21:34:28,173 : Creating sensor failed. Error : The node '3' is not known by the Z-Wave controller 
 XML Element : <sensor xmlns="http://www.openremote.org" id="216" name="Wall Sensor" type="switch">
      <include type="command" ref="214" />
      <state name="on" />
      <state name="off" />
    </sensor>
org.openremote.controller.exception.NoSuchCommandException: The node '3' is not known by the Z-Wave controller
	at org.openremote.controller.protocol.zwave.ZWaveCommandBuilder.build(ZWaveCommandBuilder.java:108)
	at org.openremote.controller.command.CommandFactory.getCommand(CommandFactory.java:164)
	at org.openremote.controller.model.xml.Version20SensorBuilder.parseSensorEventProducer(Version20SensorBuilder.java:420)
	at org.openremote.controller.model.xml.Version20SensorBuilder.build(Version20SensorBuilder.java:287)
	at org.openremote.controller.deployer.Version20ModelBuilder.buildSensorObjectModelFromXML(Version20ModelBuilder.java:817)
	at org.openremote.controller.deployer.Version20ModelBuilder.buildSensorModel(Version20ModelBuilder.java:663)
	at org.openremote.controller.deployer.Version20ModelBuilder.build(Version20ModelBuilder.java:557)
	at org.openremote.controller.deployer.AbstractModelBuilder.buildModel(AbstractModelBuilder.java:154)
	at org.openremote.controller.service.Deployer.startup(Deployer.java:858)
	at org.openremote.controller.service.Deployer.startController(Deployer.java:336)
	at org.openremote.controller.spring.SpringContext.initializeController(SpringContext.java:109)
	at org.openremote.controller.service.ServiceContext.init(ServiceContext.java:383)
	at org.openremote.controller.bootstrap.Startup.loadServiceContext(Startup.java:85)
	at org.openremote.controller.bootstrap.servlet.ServletStartup.initializeServiceContext(ServletStartup.java:190)
	at org.openremote.controller.bootstrap.servlet.ServletStartup.contextInitialized(ServletStartup.java:109)
	at org.apache.catalina.core.StandardContext.listenerStart(StandardContext.java:3843)
	at org.apache.catalina.core.StandardContext.start(StandardContext.java:4342)
	at org.apache.catalina.core.ContainerBase.addChildInternal(ContainerBase.java:791)
	at org.apache.catalina.core.ContainerBase.addChild(ContainerBase.java:771)
	at org.apache.catalina.core.StandardHost.addChild(StandardHost.java:525)
	at org.apache.catalina.startup.HostConfig.deployDirectory(HostConfig.java:926)
	at org.apache.catalina.startup.HostConfig.deployDirectories(HostConfig.java:889)
	at org.apache.catalina.startup.HostConfig.deployApps(HostConfig.java:492)
	at org.apache.catalina.startup.HostConfig.start(HostConfig.java:1149)
	at org.apache.catalina.startup.HostConfig.lifecycleEvent(HostConfig.java:311)
	at org.apache.catalina.util.LifecycleSupport.fireLifecycleEvent(LifecycleSupport.java:117)
	at org.apache.catalina.core.ContainerBase.start(ContainerBase.java:1053)
	at org.apache.catalina.core.StandardHost.start(StandardHost.java:719)
	at org.apache.catalina.core.ContainerBase.start(ContainerBase.java:1045)
	at org.apache.catalina.core.StandardEngine.start(StandardEngine.java:443)
	at org.apache.catalina.core.StandardService.start(StandardService.java:516)
	at org.apache.catalina.core.StandardServer.start(StandardServer.java:710)
	at org.apache.catalina.startup.Catalina.start(Catalina.java:578)
	at sun.reflect.NativeMethodAccessorImpl.invoke0(Native Method)
	at sun.reflect.NativeMethodAccessorImpl.invoke(NativeMethodAccessorImpl.java:39)
	at sun.reflect.DelegatingMethodAccessorImpl.invoke(DelegatingMethodAccessorImpl.java:25)
	at java.lang.reflect.Method.invoke(Method.java:597)
	at org.apache.catalina.startup.Bootstrap.start(Bootstrap.java:288)
	at org.apache.catalina.startup.Bootstrap.main(Bootstrap.java:413)
ERROR 2013-09-04 21:34:28,188 : Creating sensor failed. Error : The node '3' is not known by the Z-Wave controller 
 XML Element : <sensor xmlns="http://www.openremote.org" id="223" name="Dim Sensor" type="range">
      <include type="command" ref="215" />
      <min value="0" />
      <max value="100" />
    </sensor>
org.openremote.controller.exception.NoSuchCommandException: The node '3' is not known by the Z-Wave controller
	at org.openremote.controller.protocol.zwave.ZWaveCommandBuilder.build(ZWaveCommandBuilder.java:108)
	at org.openremote.controller.command.CommandFactory.getCommand(CommandFactory.java:164)
	at org.openremote.controller.model.xml.Version20SensorBuilder.parseSensorEventProducer(Version20SensorBuilder.java:420)
	at org.openremote.controller.model.xml.Version20SensorBuilder.build(Version20SensorBuilder.java:287)
	at org.openremote.controller.deployer.Version20ModelBuilder.buildSensorObjectModelFromXML(Version20ModelBuilder.java:817)
	at org.openremote.controller.deployer.Version20ModelBuilder.buildSensorModel(Version20ModelBuilder.java:663)
	at org.openremote.controller.deployer.Version20ModelBuilder.build(Version20ModelBuilder.java:557)
	at org.openremote.controller.deployer.AbstractModelBuilder.buildModel(AbstractModelBuilder.java:154)
	at org.openremote.controller.service.Deployer.startup(Deployer.java:858)
	at org.openremote.controller.service.Deployer.startController(Deployer.java:336)
	at org.openremote.controller.spring.SpringContext.initializeController(SpringContext.java:109)
	at org.openremote.controller.service.ServiceContext.init(ServiceContext.java:383)
	at org.openremote.controller.bootstrap.Startup.loadServiceContext(Startup.java:85)
	at org.openremote.controller.bootstrap.servlet.ServletStartup.initializeServiceContext(ServletStartup.java:190)
	at org.openremote.controller.bootstrap.servlet.ServletStartup.contextInitialized(ServletStartup.java:109)
	at org.apache.catalina.core.StandardContext.listenerStart(StandardContext.java:3843)
	at org.apache.catalina.core.StandardContext.start(StandardContext.java:4342)
	at org.apache.catalina.core.ContainerBase.addChildInternal(ContainerBase.java:791)
	at org.apache.catalina.core.ContainerBase.addChild(ContainerBase.java:771)
	at org.apache.catalina.core.StandardHost.addChild(StandardHost.java:525)
	at org.apache.catalina.startup.HostConfig.deployDirectory(HostConfig.java:926)
	at org.apache.catalina.startup.HostConfig.deployDirectories(HostConfig.java:889)
	at org.apache.catalina.startup.HostConfig.deployApps(HostConfig.java:492)
	at org.apache.catalina.startup.HostConfig.start(HostConfig.java:1149)
	at org.apache.catalina.startup.HostConfig.lifecycleEvent(HostConfig.java:311)
	at org.apache.catalina.util.LifecycleSupport.fireLifecycleEvent(LifecycleSupport.java:117)
	at org.apache.catalina.core.ContainerBase.start(ContainerBase.java:1053)
	at org.apache.catalina.core.StandardHost.start(StandardHost.java:719)
	at org.apache.catalina.core.ContainerBase.start(ContainerBase.java:1045)
	at org.apache.catalina.core.StandardEngine.start(StandardEngine.java:443)
	at org.apache.catalina.core.StandardService.start(StandardService.java:516)
	at org.apache.catalina.core.StandardServer.start(StandardServer.java:710)
	at org.apache.catalina.startup.Catalina.start(Catalina.java:578)
	at sun.reflect.NativeMethodAccessorImpl.invoke0(Native Method)
	at sun.reflect.NativeMethodAccessorImpl.invoke(NativeMethodAccessorImpl.java:39)
	at sun.reflect.DelegatingMethodAccessorImpl.invoke(DelegatingMethodAccessorImpl.java:25)
	at java.lang.reflect.Method.invoke(Method.java:597)
	at org.apache.catalina.startup.Bootstrap.start(Bootstrap.java:288)
	at org.apache.catalina.startup.Bootstrap.main(Bootstrap.java:413)
INFO 2013-09-04 21:34:28,188 : Startup complete.
INFO 2013-09-04 21:34:28,188 : Controller Definition File Watcher for Default Deployer started.
INFO 2013-09-04 21:34:42,306 : 

--------------------------------------------------------------------

  UNDEPLOYING CURRENT CONTROLLER RUNTIME...

--------------------------------------------------------------------

INFO 2013-09-04 21:34:42,306 : Stopped event processor : Drools Rule Engine
INFO 2013-09-04 21:34:42,322 : Stopped event processor : RRD4J Data Logger
INFO 2013-09-04 21:34:42,322 : Stopped event processor : EmonCMS Data Logger
INFO 2013-09-04 21:34:42,322 : Shutdown complete.
INFO 2013-09-04 21:34:42,322 : 

--------------------------------------------------------------------

  DEPLOYING NEW CONTROLLER RUNTIME...

--------------------------------------------------------------------

INFO 2013-09-04 21:34:42,353 : No rule definitions found in 'C:\OpenRemote\webapps\controller\rules'.
INFO 2013-09-04 21:34:42,353 : Initialized event processor : Drools Rule Engine
INFO 2013-09-04 21:34:42,353 : Initialized event processor : RRD4J Data Logger
INFO 2013-09-04 21:34:42,353 : Initialized event processor : EmonCMS Data Logger
ERROR 2013-09-04 21:34:42,369 : Creating sensor failed. Error : The node '3' is not known by the Z-Wave controller 
 XML Element : <sensor xmlns="http://www.openremote.org" id="216" name="Wall Sensor" type="switch">
      <include type="command" ref="214" />
      <state name="on" />
      <state name="off" />
    </sensor>
org.openremote.controller.exception.NoSuchCommandException: The node '3' is not known by the Z-Wave controller
	at org.openremote.controller.protocol.zwave.ZWaveCommandBuilder.build(ZWaveCommandBuilder.java:108)
	at org.openremote.controller.command.CommandFactory.getCommand(CommandFactory.java:164)
	at org.openremote.controller.model.xml.Version20SensorBuilder.parseSensorEventProducer(Version20SensorBuilder.java:420)
	at org.openremote.controller.model.xml.Version20SensorBuilder.build(Version20SensorBuilder.java:287)
	at org.openremote.controller.deployer.Version20ModelBuilder.buildSensorObjectModelFromXML(Version20ModelBuilder.java:817)
	at org.openremote.controller.deployer.Version20ModelBuilder.buildSensorModel(Version20ModelBuilder.java:663)
	at org.openremote.controller.deployer.Version20ModelBuilder.build(Version20ModelBuilder.java:557)
	at org.openremote.controller.deployer.AbstractModelBuilder.buildModel(AbstractModelBuilder.java:154)
	at org.openremote.controller.service.Deployer.startup(Deployer.java:858)
	at org.openremote.controller.service.Deployer.softRestart(Deployer.java:440)
	at org.openremote.controller.service.Deployer$ControllerDefinitionWatch.run(Deployer.java:1324)
	at java.lang.Thread.run(Thread.java:662)
ERROR 2013-09-04 21:34:42,369 : Creating sensor failed. Error : The node '3' is not known by the Z-Wave controller 
 XML Element : <sensor xmlns="http://www.openremote.org" id="223" name="Dim Sensor" type="range">
      <include type="command" ref="215" />
      <min value="0" />
      <max value="100" />
    </sensor>
org.openremote.controller.exception.NoSuchCommandException: The node '3' is not known by the Z-Wave controller
	at org.openremote.controller.protocol.zwave.ZWaveCommandBuilder.build(ZWaveCommandBuilder.java:108)
	at org.openremote.controller.command.CommandFactory.getCommand(CommandFactory.java:164)
	at org.openremote.controller.model.xml.Version20SensorBuilder.parseSensorEventProducer(Version20SensorBuilder.java:420)
	at org.openremote.controller.model.xml.Version20SensorBuilder.build(Version20SensorBuilder.java:287)
	at org.openremote.controller.deployer.Version20ModelBuilder.buildSensorObjectModelFromXML(Version20ModelBuilder.java:817)
	at org.openremote.controller.deployer.Version20ModelBuilder.buildSensorModel(Version20ModelBuilder.java:663)
	at org.openremote.controller.deployer.Version20ModelBuilder.build(Version20ModelBuilder.java:557)
	at org.openremote.controller.deployer.AbstractModelBuilder.buildModel(AbstractModelBuilder.java:154)
	at org.openremote.controller.service.Deployer.startup(Deployer.java:858)
	at org.openremote.controller.service.Deployer.softRestart(Deployer.java:440)
	at org.openremote.controller.service.Deployer$ControllerDefinitionWatch.run(Deployer.java:1324)
	at java.lang.Thread.run(Thread.java:662)
INFO 2013-09-04 21:34:42,369 : Startup complete.
