2013-04-08 11:32:57,645 INFO [main]: Initialized JUL to LOG4J Redirector.
2013-04-08 11:32:57,651 INFO [main]: Programmatically set 'useParentHandlers=false' in 'OpenRemote.Controller' log category.
2013-04-08 11:32:59,376 DEBUG [main]: Deployer 'Default Deployer' initialized.
2013-04-08 11:32:59,530 DEBUG [main]: Runtime object model has not been initialized. Using default configuration only.
2013-04-08 11:32:59,542 INFO [Controller Auto-Discovery]: Created IP discover multicast server !
2013-04-08 11:32:59,545 INFO [Controller Auto-Discovery]: Joined a group : 224.0.1.100:3333
2013-04-08 11:32:59,551 DEBUG [main]: Runtime object model has not been initialized. Using default configuration only.
2013-04-08 11:32:59,553 DEBUG [main]: Runtime object model has not been initialized. Using default configuration only.
2013-04-08 11:32:59,552 INFO [Controller Auto-Discovery]: Listening on  224.0.1.100:3333
2013-04-08 11:32:59,557 INFO [Cluster UDP]: UDP Server : Starting UDP server...
2013-04-08 11:32:59,559 INFO [Cluster UDP]: UDP Server : Started UDP server successfully.
2013-04-08 11:32:59,568 DEBUG [main]: Runtime object model has not been initialized. Using default configuration only.
2013-04-08 11:32:59,571 INFO [Cluster TCP]: TCP Server : starting for receiving groupmember urls...
2013-04-08 11:32:59,578 INFO [Cluster TCP]: TCP Server : started successfully for receiving groupmember urls...
2013-04-08 11:32:59,580 INFO [Cluster TCP]: TCP Server : Waiting for groupmember response...
2013-04-08 11:32:59,583 INFO [main]: 

--------------------------------------------------------------------

  DEPLOYING NEW CONTROLLER RUNTIME...

--------------------------------------------------------------------

2013-04-08 11:32:59,891 DEBUG [main]: Created object model for Command( ID = 308, Type = socket, Properties : {port=4998, name=power on ir, command=commande ir, ipAddress=173.177.202.78}).
2013-04-08 11:32:59,895 DEBUG [main]: Created object model for Command( ID = 316, Type = socket, Properties : {port=4998, name=power on ampli pioneer ir, command=sendir,1:3,1,40000,3,1,360,180,22,67,22,22,22,67,22,22,22,22,22,67,22,22,22,67,22,22,22,67,22,22,22,67,22,67,22,22,22,67,22,22,22,22,22,67,22,22,22,67,22,67,22,22,22,22,22,22,22,67,22,22,22,67,22,22,22,22,22,67,22,67,22,67,22,1753, ipAddress=173.177.202.78}).
2013-04-08 11:32:59,899 DEBUG [main]: Created object model for Command( ID = 317, Type = socket, Properties : {port=4998, name=power off ampli pioneer ir, command=sendir,1:3,2,40000,3,1,360,180,22,67,22,22,22,67,22,22,22,22,22,67,22,22,22,67,22,22,22,67,22,22,22,67,22,67,22,22,22,67,22,22,22,67,22,67,22,22,22,67,22,67,22,22,22,22,22,22,22,22,22,22,22,67,22,22,22,22,22,67,22,67,22,67,22,1753, ipAddress=192.168.1.140}).
2013-04-08 11:32:59,902 DEBUG [main]: Created object model for Command( ID = 318, Type = socket, Properties : {port=8102, name=volume set tcp/ip, command=${param}VL, ipAddress=192.168.1.141}).
2013-04-08 11:32:59,907 DEBUG [main]: Created object model for Command( ID = 319, Type = socket, Properties : {port=8102, name=vol down TCP/IP, command=VD, ipAddress=192.168.1.141}).
2013-04-08 11:32:59,909 DEBUG [main]: Created object model for Command( ID = 320, Type = socket, Properties : {port=8102, name=volume up TCP/IP, command=VU, ipAddress=192.168.1.141}).
2013-04-08 11:32:59,911 DEBUG [main]: Created object model for Command( ID = 325, Type = socket, Properties : {port=4998, name=DECODEUR ILLICO PVR POWER TOGGLE, command=sendir,1:1,2,58000,3,1,193,193,49,144,49,144,49,48,49,144,49,144,49,144,49,144,49,144,49,48,49,48,49,48,49,48,49,48,49,144,49,48,49,48,49,48,49,48,49,48,49,144,49,144,49,144,49,2186, ipAddress=192.168.1.140}).
2013-04-08 11:32:59,915 DEBUG [main]: Created object model for Command( ID = 309, Type = telnet, Properties : {port=8102, statusDefault=PO zone 2 defect, name=pool power zone 2 telnet, command=null|?AP, statusFilter=(?m)(APR)(\d), pollingInterval=5s, statusFilterGroup=2, timeout=2, ipAddress=192.168.1.141}).
2013-04-08 11:32:59,919 DEBUG [main]: Created object model for Command( ID = 310, Type = telnet, Properties : {port=8102, statusDefault=pas de rep, name=pool volume zone 2 telnet, command=null|?ZV, statusFilter=(?m)(ZV)(\d\d), pollingInterval=5s, statusFilterGroup=2, timeout=2, ipAddress=192.168.1.141}).
2013-04-08 11:32:59,922 DEBUG [main]: Created object model for Command( ID = 311, Type = telnet, Properties : {port=8102, statusDefault=N/A, name=POWER OFF Z2 TELNET, command=null|APF, pollingInterval=1S, statusFilterGroup=0, timeout=1, ipAddress=192.168.1.141}).
2013-04-08 11:32:59,924 DEBUG [main]: Created object model for Command( ID = 312, Type = telnet, Properties : {port=8102, statusDefault=N/A, name=POWER ON Z2 TELNET, command=null|APO, pollingInterval=1S, statusFilterGroup=0, timeout=1, ipAddress=192.168.1.141}).
2013-04-08 11:32:59,927 DEBUG [main]: Created object model for Command( ID = 313, Type = telnet, Properties : {port=8102, statusDefault=N/A, name=VOL SET Z2 TELNET, command=null|${param}ZV, pollingInterval=1S, statusFilterGroup=0, timeout=1, ipAddress=192.168.1.141}).
2013-04-08 11:32:59,930 DEBUG [main]: Created object model for Command( ID = 314, Type = telnet, Properties : {port=8102, statusDefault=N/A, name=vol up z2 telnet, command=null|ZU, pollingInterval=1s, statusFilterGroup=0, timeout=1, ipAddress=192.168.1.141}).
2013-04-08 11:32:59,932 DEBUG [main]: Created object model for Command( ID = 315, Type = telnet, Properties : {port=8102, statusDefault=N/A, name=vol DOWN z2 telnet, command=null|ZD, pollingInterval=1s, statusFilterGroup=0, timeout=1, ipAddress=192.168.1.141}).
2013-04-08 11:32:59,935 DEBUG [main]: Created object model for Command( ID = 321, Type = telnet, Properties : {port=8102, statusDefault=PAS DE REP, name=POWER ON ZONE 1 TELNET, command=null|PO, pollingInterval=1s, statusFilterGroup=0, timeout=1, ipAddress=192.168.1.141}).
2013-04-08 11:32:59,938 DEBUG [main]: Created object model for Command( ID = 322, Type = telnet, Properties : {port=8102, statusDefault=PAS DE REP, name=POWER OFF ZONE 1 TELNET, command=null|PF, pollingInterval=1s, statusFilterGroup=0, timeout=1, ipAddress=192.168.1.141}).
2013-04-08 11:32:59,941 DEBUG [main]: Created object model for Command( ID = 323, Type = telnet, Properties : {port=8102, statusDefault=PAS DE REP, name=POOL VOLUME ZONE 1 TELNET, command=null|?V, statusFilter=(?m)(VOL)(\d\d\d), pollingInterval=5s, statusFilterGroup=2, timeout=2, ipAddress=192.168.1.141}).
2013-04-08 11:32:59,943 DEBUG [main]: Created object model for Command( ID = 324, Type = telnet, Properties : {port=8102, statusDefault=PAS DE REP, name=POOL POWER POWER ZONE 1 TELNET, command=null|?P, pollingInterval=5s, statusFilter=(?m)(PWR)(\d), statusFilterGroup=2, timeout=2, ipAddress=192.168.1.141}).
2013-04-08 11:32:59,949 DEBUG [main]: Initializing event processor: Drools Rule Engine
2013-04-08 11:32:59,955 INFO [main]: No rule definitions found in 'D:\OpenRemote-Controller-2.0.0\OpenRemote-Controller-2.0.0\webapps\controller\rules'.
2013-04-08 11:32:59,959 INFO [main]: Initialized event processor : Drools Rule Engine
2013-04-08 11:33:00,014 DEBUG [main]: Created object model for sensor 'sensor power zone 2' (ID = '326').
2013-04-08 11:33:00,028 DEBUG [main]: Created object model for sensor 'sensor volume zone 2 custum' (ID = '327').
2013-04-08 11:33:00,041 DEBUG [main]: Created object model for sensor 'sensor volume zone 1 custom' (ID = '328').
2013-04-08 11:33:00,054 DEBUG [main]: Created object model for sensor 'sensor power zone 1' (ID = '329').
2013-04-08 11:33:00,056 INFO [main]: Registered sensor : Sensor (Name = 'sensor power zone 2', ID = '326', State Mappings: {APR0=on, APR1=off})
2013-04-08 11:33:00,064 INFO [Polling Sensor Thread ID = 326, Name ='sensor power zone 2']: Started polling thread for sensor (ID = 326, name = sensor power zone 2).
2013-04-08 11:33:00,064 INFO [main]: Registered sensor : Sensor (Name = 'sensor volume zone 2 custum', ID = '327', State Mappings: {ZV49=49, ZV48=48, ZV08=08, ZV09=09, ZV06=06, ZV07=07, ZV04=04, ZV05=05, ZV14=14, ZV50=50, ZV13=13, ZV12=12, ZV11=11, ZV10=10, ZV57=57, ZV58=58, ZV55=55, ZV56=56, ZV53=53, ZV54=54, ZV51=51, ZV52=52, ZV59=59, ZV19=19, ZV15=15, ZV16=16, ZV17=17, ZV18=18, ZV23=23, ZV22=22, ZV60=60, ZV25=25, ZV61=61, ZV24=24, ZV21=21, ZV20=20, ZV66=66, ZV67=67, ZV68=68, ZV69=69, ZV62=62, ZV63=63, ZV64=64, ZV65=65, ZV29=29, ZV74=74, ZV28=28, ZV73=73, ZV27=27, ZV76=76, ZV26=26, ZV75=75, ZV78=78, ZV77=77, ZV79=79, ZV70=70, ZV72=72, ZV71=71, ZV31=31, ZV32=32, ZV30=30, ZV35=35, ZV36=36, ZV33=33, ZV34=34, ZV38=38, ZV37=37, ZV39=39, ZV4#=41, ZV81=81, ZV80=80, ZV01=01, ZV00=00, ZV03=03, ZV02=02, ZV40=40, ZV42=42, ZV43=43, ZV44=44, ZV45=45, ZV46=46, ZV47=47})
2013-04-08 11:33:00,081 INFO [main]: Registered sensor : Sensor (Name = 'sensor volume zone 1 custom', ID = '328', State Mappings: {VOL006=006, VOL005=005, VOL004=004, VOL003=003, VOL029=029, VOL028=028, VOL027=027, VOL009=009, VOL026=026, VOL008=008, VOL007=007, VOL025=025, VOL034=034, VOL035=035, VOL032=032, VOL033=033, VOL012=012, VOL030=030, VOL013=013, VOL031=031, VOL010=010, VOL011=011, VOL019=019, VOL018=018, VOL040=040, VOL015=015, VOL014=014, VOL017=017, VOL016=016, VOL021=021, VOL038=038, VOL039=039, VOL022=022, VOL023=023, VOL036=036, VOL024=024, VOL037=037, VOL000=000, VOL 002=002, VOL001=001, VOL020=020})
2013-04-08 11:33:00,091 INFO [Polling Sensor Thread ID = 327, Name ='sensor volume zone 2 custum']: Started polling thread for sensor (ID = 327, name = sensor volume zone 2 custum).
2013-04-08 11:33:00,096 INFO [main]: Registered sensor : Sensor (Name = 'sensor power zone 1', ID = '329', State Mappings: {1=1, 0=0, PWR1=off, PWR0=on})
2013-04-08 11:33:00,108 INFO [Polling Sensor Thread ID = 327, Name ='sensor volume zone 2 custum']: send: ?ZV
2013-04-08 11:33:00,096 INFO [Polling Sensor Thread ID = 328, Name ='sensor volume zone 1 custom']: Started polling thread for sensor (ID = 328, name = sensor volume zone 1 custom).
2013-04-08 11:33:00,111 INFO [main]: Startup complete.
2013-04-08 11:33:00,111 INFO [Polling Sensor Thread ID = 329, Name ='sensor power zone 1']: Started polling thread for sensor (ID = 329, name = sensor power zone 1).
2013-04-08 11:33:00,120 INFO [Polling Sensor Thread ID = 328, Name ='sensor volume zone 1 custom']: send: ?V
2013-04-08 11:33:00,116 INFO [main]: Controller Definition File Watcher for Default Deployer started.
2013-04-08 11:33:01,116 INFO [Polling Sensor Thread ID = 327, Name ='sensor volume zone 2 custum']: received: ZV62

2013-04-08 11:33:01,121 ERROR [Polling Sensor Thread ID = 327, Name ='sensor volume zone 2 custum']: Telnet Read Status: No Match using Regex: '(?m)(ZV)(\d\d)' on response from command 'null|?ZV'
2013-04-08 11:33:01,124 TRACE [Polling Sensor Thread ID = 327, Name ='sensor volume zone 2 custum']: Processed pas de rep, received pas de rep
2013-04-08 11:33:01,124 INFO [Polling Sensor Thread ID = 328, Name ='sensor volume zone 1 custom']: received: 
2013-04-08 11:33:01,126 ERROR [Polling Sensor Thread ID = 328, Name ='sensor volume zone 1 custom']: Telnet Read Status: No Match using Regex: '(?m)(VOL)(\d\d\d)' on response from command 'null|?V'
2013-04-08 11:33:01,128 TRACE [Polling Sensor Thread ID = 328, Name ='sensor volume zone 1 custom']: Processed PAS DE REP, received PAS DE REP
2013-04-08 11:33:01,626 INFO [Polling Sensor Thread ID = 327, Name ='sensor volume zone 2 custum']: send: ?ZV
2013-04-08 11:33:01,631 INFO [Polling Sensor Thread ID = 328, Name ='sensor volume zone 1 custom']: send: ?V
2013-04-08 11:33:02,628 INFO [Polling Sensor Thread ID = 327, Name ='sensor volume zone 2 custum']: received: ZV62

2013-04-08 11:33:02,630 ERROR [Polling Sensor Thread ID = 327, Name ='sensor volume zone 2 custum']: Telnet Read Status: No Match using Regex: '(?m)(ZV)(\d\d)' on response from command 'null|?ZV'
2013-04-08 11:33:02,633 TRACE [Polling Sensor Thread ID = 327, Name ='sensor volume zone 2 custum']: Processed pas de rep, received pas de rep
2013-04-08 11:33:02,633 INFO [Polling Sensor Thread ID = 328, Name ='sensor volume zone 1 custom']: received: 
2013-04-08 11:33:02,635 ERROR [Polling Sensor Thread ID = 328, Name ='sensor volume zone 1 custom']: Telnet Read Status: No Match using Regex: '(?m)(VOL)(\d\d\d)' on response from command 'null|?V'
2013-04-08 11:33:02,637 TRACE [Polling Sensor Thread ID = 328, Name ='sensor volume zone 1 custom']: Processed PAS DE REP, received PAS DE REP
2013-04-08 11:33:03,101 INFO [Polling Sensor Thread ID = 326, Name ='sensor power zone 2']: send: ?AP
2013-04-08 11:33:03,122 INFO [Polling Sensor Thread ID = 329, Name ='sensor power zone 1']: send: ?P
2013-04-08 11:33:03,135 INFO [Polling Sensor Thread ID = 327, Name ='sensor volume zone 2 custum']: send: ?ZV
2013-04-08 11:33:04,103 INFO [Polling Sensor Thread ID = 326, Name ='sensor power zone 2']: received: APR0

2013-04-08 11:33:04,105 ERROR [Polling Sensor Thread ID = 326, Name ='sensor power zone 2']: Telnet Read Status: No Match using Regex: '(?m)(APR)(\d)' on response from command 'null|?AP'
2013-04-08 11:33:04,108 TRACE [Polling Sensor Thread ID = 326, Name ='sensor power zone 2']: Processed PO zone 2 defect, received PO zone 2 defect
2013-04-08 11:33:04,123 INFO [Polling Sensor Thread ID = 329, Name ='sensor power zone 1']: received: 
2013-04-08 11:33:04,124 ERROR [Polling Sensor Thread ID = 329, Name ='sensor power zone 1']: Telnet Read Status: No Match using Regex: '(?m)(PWR)(\d)' on response from command 'null|?P'
2013-04-08 11:33:04,127 TRACE [Polling Sensor Thread ID = 329, Name ='sensor power zone 1']: Processed PAS DE REP, received PAS DE REP
2013-04-08 11:33:04,137 INFO [Polling Sensor Thread ID = 327, Name ='sensor volume zone 2 custum']: received: ZV62

2013-04-08 11:33:04,139 ERROR [Polling Sensor Thread ID = 327, Name ='sensor volume zone 2 custum']: Telnet Read Status: No Match using Regex: '(?m)(ZV)(\d\d)' on response from command 'null|?ZV'
2013-04-08 11:33:04,142 TRACE [Polling Sensor Thread ID = 327, Name ='sensor volume zone 2 custum']: Processed pas de rep, received pas de rep
2013-04-08 11:33:04,610 INFO [Polling Sensor Thread ID = 326, Name ='sensor power zone 2']: send: ?AP
2013-04-08 11:33:05,612 INFO [Polling Sensor Thread ID = 326, Name ='sensor power zone 2']: received: 
2013-04-08 11:33:05,613 ERROR [Polling Sensor Thread ID = 326, Name ='sensor power zone 2']: Telnet Read Status: No Match using Regex: '(?m)(APR)(\d)' on response from command 'null|?AP'
2013-04-08 11:33:05,616 TRACE [Polling Sensor Thread ID = 326, Name ='sensor power zone 2']: Processed PO zone 2 defect, received PO zone 2 defect
2013-04-08 11:33:15,119 INFO [Polling Sensor Thread ID = 326, Name ='sensor power zone 2']: send: ?AP
2013-04-08 11:33:16,120 INFO [Polling Sensor Thread ID = 326, Name ='sensor power zone 2']: received: 
2013-04-08 11:33:16,122 ERROR [Polling Sensor Thread ID = 326, Name ='sensor power zone 2']: Telnet Read Status: No Match using Regex: '(?m)(APR)(\d)' on response from command 'null|?AP'
2013-04-08 11:33:16,125 TRACE [Polling Sensor Thread ID = 326, Name ='sensor power zone 2']: Processed PO zone 2 defect, received PO zone 2 defect
2013-04-08 11:33:24,161 ERROR [Polling Sensor Thread ID = 328, Name ='sensor volume zone 1 custom']: could not perform telnetEvent
java.net.ConnectException: Connection timed out: connect
	at java.net.DualStackPlainSocketImpl.connect0(Native Method)
	at java.net.DualStackPlainSocketImpl.socketConnect(DualStackPlainSocketImpl.java:69)
	at java.net.AbstractPlainSocketImpl.doConnect(AbstractPlainSocketImpl.java:339)
	at java.net.AbstractPlainSocketImpl.connectToAddress(AbstractPlainSocketImpl.java:200)
	at java.net.AbstractPlainSocketImpl.connect(AbstractPlainSocketImpl.java:182)
	at java.net.PlainSocketImpl.connect(PlainSocketImpl.java:157)
	at java.net.SocksSocketImpl.connect(SocksSocketImpl.java:391)
	at java.net.Socket.connect(Socket.java:579)
	at org.apache.commons.net.SocketClient.connect(SocketClient.java:176)
	at org.openremote.controller.protocol.telnet.TelnetCommand.send(TelnetCommand.java:261)
	at org.openremote.controller.protocol.telnet.TelnetCommand.read(TelnetCommand.java:360)
	at org.openremote.controller.model.sensor.Sensor$DeviceReader.read(Sensor.java:682)
	at org.openremote.controller.model.sensor.Sensor$DeviceReader.run(Sensor.java:608)
	at java.lang.Thread.run(Thread.java:722)
2013-04-08 11:33:24,179 ERROR [Polling Sensor Thread ID = 328, Name ='sensor volume zone 1 custom']: Telnet Read Status: No Match using Regex: '(?m)(VOL)(\d\d\d)' on response from command 'null|?V'
2013-04-08 11:33:24,181 TRACE [Polling Sensor Thread ID = 328, Name ='sensor volume zone 1 custom']: Processed PAS DE REP, received PAS DE REP
2013-04-08 11:33:24,683 INFO [Polling Sensor Thread ID = 328, Name ='sensor volume zone 1 custom']: send: ?V
2013-04-08 11:33:25,632 ERROR [Polling Sensor Thread ID = 329, Name ='sensor power zone 1']: could not perform telnetEvent
java.net.ConnectException: Connection timed out: connect
	at java.net.DualStackPlainSocketImpl.connect0(Native Method)
	at java.net.DualStackPlainSocketImpl.socketConnect(DualStackPlainSocketImpl.java:69)
	at java.net.AbstractPlainSocketImpl.doConnect(AbstractPlainSocketImpl.java:339)
	at java.net.AbstractPlainSocketImpl.connectToAddress(AbstractPlainSocketImpl.java:200)
	at java.net.AbstractPlainSocketImpl.connect(AbstractPlainSocketImpl.java:182)
	at java.net.PlainSocketImpl.connect(PlainSocketImpl.java:157)
	at java.net.SocksSocketImpl.connect(SocksSocketImpl.java:391)
	at java.net.Socket.connect(Socket.java:579)
	at org.apache.commons.net.SocketClient.connect(SocketClient.java:176)
	at org.openremote.controller.protocol.telnet.TelnetCommand.send(TelnetCommand.java:261)
	at org.openremote.controller.protocol.telnet.TelnetCommand.read(TelnetCommand.java:360)
	at org.openremote.controller.model.sensor.Sensor$DeviceReader.read(Sensor.java:682)
	at org.openremote.controller.model.sensor.Sensor$DeviceReader.run(Sensor.java:608)
	at java.lang.Thread.run(Thread.java:722)
2013-04-08 11:33:25,647 ERROR [Polling Sensor Thread ID = 329, Name ='sensor power zone 1']: Telnet Read Status: No Match using Regex: '(?m)(PWR)(\d)' on response from command 'null|?P'
2013-04-08 11:33:25,643 ERROR [Polling Sensor Thread ID = 327, Name ='sensor volume zone 2 custum']: could not perform telnetEvent
java.net.ConnectException: Connection timed out: connect
	at java.net.DualStackPlainSocketImpl.connect0(Native Method)
	at java.net.DualStackPlainSocketImpl.socketConnect(DualStackPlainSocketImpl.java:69)
	at java.net.AbstractPlainSocketImpl.doConnect(AbstractPlainSocketImpl.java:339)
	at java.net.AbstractPlainSocketImpl.connectToAddress(AbstractPlainSocketImpl.java:200)
	at java.net.AbstractPlainSocketImpl.connect(AbstractPlainSocketImpl.java:182)
	at java.net.PlainSocketImpl.connect(PlainSocketImpl.java:157)
	at java.net.SocksSocketImpl.connect(SocksSocketImpl.java:391)
	at java.net.Socket.connect(Socket.java:579)
	at org.apache.commons.net.SocketClient.connect(SocketClient.java:176)
	at org.openremote.controller.protocol.telnet.TelnetCommand.send(TelnetCommand.java:261)
	at org.openremote.controller.protocol.telnet.TelnetCommand.read(TelnetCommand.java:360)
	at org.openremote.controller.model.sensor.Sensor$DeviceReader.read(Sensor.java:682)
	at org.openremote.controller.model.sensor.Sensor$DeviceReader.run(Sensor.java:608)
	at java.lang.Thread.run(Thread.java:722)
2013-04-08 11:33:25,650 TRACE [Polling Sensor Thread ID = 329, Name ='sensor power zone 1']: Processed PAS DE REP, received PAS DE REP
2013-04-08 11:33:25,665 ERROR [Polling Sensor Thread ID = 327, Name ='sensor volume zone 2 custum']: Telnet Read Status: No Match using Regex: '(?m)(ZV)(\d\d)' on response from command 'null|?ZV'
2013-04-08 11:33:25,667 TRACE [Polling Sensor Thread ID = 327, Name ='sensor volume zone 2 custum']: Processed pas de rep, received pas de rep
2013-04-08 11:33:25,685 INFO [Polling Sensor Thread ID = 328, Name ='sensor volume zone 1 custom']: received: 
2013-04-08 11:33:25,686 ERROR [Polling Sensor Thread ID = 328, Name ='sensor volume zone 1 custom']: Telnet Read Status: No Match using Regex: '(?m)(VOL)(\d\d\d)' on response from command 'null|?V'
2013-04-08 11:33:25,689 TRACE [Polling Sensor Thread ID = 328, Name ='sensor volume zone 1 custom']: Processed PAS DE REP, received PAS DE REP
2013-04-08 11:33:35,166 INFO [Polling Sensor Thread ID = 329, Name ='sensor power zone 1']: send: ?P
2013-04-08 11:33:35,176 INFO [Polling Sensor Thread ID = 327, Name ='sensor volume zone 2 custum']: send: ?ZV
2013-04-08 11:33:35,196 INFO [Polling Sensor Thread ID = 328, Name ='sensor volume zone 1 custom']: send: ?V
2013-04-08 11:33:36,168 INFO [Polling Sensor Thread ID = 329, Name ='sensor power zone 1']: received: PWR0

2013-04-08 11:33:36,170 ERROR [Polling Sensor Thread ID = 329, Name ='sensor power zone 1']: Telnet Read Status: No Match using Regex: '(?m)(PWR)(\d)' on response from command 'null|?P'
2013-04-08 11:33:36,172 TRACE [Polling Sensor Thread ID = 329, Name ='sensor power zone 1']: Processed PAS DE REP, received PAS DE REP
2013-04-08 11:33:36,178 INFO [Polling Sensor Thread ID = 327, Name ='sensor volume zone 2 custum']: received: 
2013-04-08 11:33:36,179 ERROR [Polling Sensor Thread ID = 327, Name ='sensor volume zone 2 custum']: Telnet Read Status: No Match using Regex: '(?m)(ZV)(\d\d)' on response from command 'null|?ZV'
2013-04-08 11:33:36,182 TRACE [Polling Sensor Thread ID = 327, Name ='sensor volume zone 2 custum']: Processed pas de rep, received pas de rep
2013-04-08 11:33:36,198 INFO [Polling Sensor Thread ID = 328, Name ='sensor volume zone 1 custom']: received: 
2013-04-08 11:33:36,199 ERROR [Polling Sensor Thread ID = 328, Name ='sensor volume zone 1 custom']: Telnet Read Status: No Match using Regex: '(?m)(VOL)(\d\d\d)' on response from command 'null|?V'
2013-04-08 11:33:36,201 TRACE [Polling Sensor Thread ID = 328, Name ='sensor volume zone 1 custom']: Processed PAS DE REP, received PAS DE REP
2013-04-08 11:33:37,626 ERROR [Polling Sensor Thread ID = 326, Name ='sensor power zone 2']: could not perform telnetEvent
java.net.ConnectException: Connection timed out: connect
	at java.net.DualStackPlainSocketImpl.connect0(Native Method)
	at java.net.DualStackPlainSocketImpl.socketConnect(DualStackPlainSocketImpl.java:69)
	at java.net.AbstractPlainSocketImpl.doConnect(AbstractPlainSocketImpl.java:339)
	at java.net.AbstractPlainSocketImpl.connectToAddress(AbstractPlainSocketImpl.java:200)
	at java.net.AbstractPlainSocketImpl.connect(AbstractPlainSocketImpl.java:182)
	at java.net.PlainSocketImpl.connect(PlainSocketImpl.java:157)
	at java.net.SocksSocketImpl.connect(SocksSocketImpl.java:391)
	at java.net.Socket.connect(Socket.java:579)
	at org.apache.commons.net.SocketClient.connect(SocketClient.java:176)
	at org.openremote.controller.protocol.telnet.TelnetCommand.send(TelnetCommand.java:261)
	at org.openremote.controller.protocol.telnet.TelnetCommand.read(TelnetCommand.java:360)
	at org.openremote.controller.model.sensor.Sensor$DeviceReader.read(Sensor.java:682)
	at org.openremote.controller.model.sensor.Sensor$DeviceReader.run(Sensor.java:608)
	at java.lang.Thread.run(Thread.java:722)
2013-04-08 11:33:37,641 ERROR [Polling Sensor Thread ID = 326, Name ='sensor power zone 2']: Telnet Read Status: No Match using Regex: '(?m)(APR)(\d)' on response from command 'null|?AP'
2013-04-08 11:33:37,643 TRACE [Polling Sensor Thread ID = 326, Name ='sensor power zone 2']: Processed PO zone 2 defect, received PO zone 2 defect
2013-04-08 11:33:47,145 INFO [Polling Sensor Thread ID = 326, Name ='sensor power zone 2']: send: ?AP
2013-04-08 11:33:48,147 INFO [Polling Sensor Thread ID = 326, Name ='sensor power zone 2']: received: APR0

2013-04-08 11:33:48,149 ERROR [Polling Sensor Thread ID = 326, Name ='sensor power zone 2']: Telnet Read Status: No Match using Regex: '(?m)(APR)(\d)' on response from command 'null|?AP'
2013-04-08 11:33:48,151 TRACE [Polling Sensor Thread ID = 326, Name ='sensor power zone 2']: Processed PO zone 2 defect, received PO zone 2 defect
2013-04-08 11:33:48,654 INFO [Polling Sensor Thread ID = 326, Name ='sensor power zone 2']: send: ?AP
2013-04-08 11:33:49,656 INFO [Polling Sensor Thread ID = 326, Name ='sensor power zone 2']: received: 
2013-04-08 11:33:49,657 ERROR [Polling Sensor Thread ID = 326, Name ='sensor power zone 2']: Telnet Read Status: No Match using Regex: '(?m)(APR)(\d)' on response from command 'null|?AP'
2013-04-08 11:33:49,659 TRACE [Polling Sensor Thread ID = 326, Name ='sensor power zone 2']: Processed PO zone 2 defect, received PO zone 2 defect
