[Controller]2011-05-16 20:42:30,913 INFO [main] org.openremote.controller.bootstrap.Startup$Log4jRedirect.publish(221) | Initialized JUL to LOG4J Redirector.
[Controller]2011-05-16 20:42:30,941 INFO [main] org.openremote.controller.bootstrap.Startup$Log4jRedirect.publish(221) | Programmatically set 'useParentHandlers=false' in 'OpenRemote.Controller' log category.
[Controller]2011-05-16 20:42:33,725 ERROR [main] org.springframework.web.context.ContextLoader.initWebApplicationContext(205) | Context initialization failed
org.springframework.beans.factory.CannotLoadBeanClassException: Cannot find class [org.openremote.controller.service.impl.ControllerXMLChangeServiceImpl] for bean with name 'controllerXMLChangeService' defined in ServletContext resource [/WEB-INF/classes/applicationContext.xml]; nested exception is java.lang.ClassNotFoundException: org.openremote.controller.service.impl.ControllerXMLChangeServiceImpl
Caused by: 
java.lang.ClassNotFoundException: org.openremote.controller.service.impl.ControllerXMLChangeServiceImpl
	at org.apache.catalina.loader.WebappClassLoader.loadClass(WebappClassLoader.java:1387)
	at org.apache.catalina.loader.WebappClassLoader.loadClass(WebappClassLoader.java:1233)
	at org.springframework.util.ClassUtils.forName(ClassUtils.java:177)
	at org.springframework.beans.factory.support.AbstractBeanDefinition.resolveBeanClass(AbstractBeanDefinition.java:313)
	at org.springframework.beans.factory.support.AbstractBeanFactory.resolveBeanClass(AbstractBeanFactory.java:912)
	at org.springframework.beans.factory.support.DefaultListableBeanFactory.getBeanNamesForType(DefaultListableBeanFactory.java:165)
	at org.springframework.context.support.AbstractApplicationContext.getBeanNamesForType(AbstractApplicationContext.java:687)
	at org.springframework.context.support.AbstractApplicationContext.invokeBeanFactoryPostProcessors(AbstractApplicationContext.java:397)
	at org.springframework.context.support.AbstractApplicationContext.refresh(AbstractApplicationContext.java:330)
	at org.springframework.web.context.support.AbstractRefreshableWebApplicationContext.refresh(AbstractRefreshableWebApplicationContext.java:156)
	at org.springframework.web.context.ContextLoader.createWebApplicationContext(ContextLoader.java:246)
	at org.springframework.web.context.ContextLoader.initWebApplicationContext(ContextLoader.java:184)
	at org.springframework.web.context.ContextLoaderListener.contextInitialized(ContextLoaderListener.java:49)
	at org.apache.catalina.core.StandardContext.listenerStart(StandardContext.java:3843)
	at org.apache.catalina.core.StandardContext.start(StandardContext.java:4342)
	at org.apache.catalina.core.ContainerBase.addChildInternal(ContainerBase.java:791)
	at org.apache.catalina.core.ContainerBase.addChild(ContainerBase.java:771)
	at org.apache.catalina.core.StandardHost.addChild(StandardHost.java:525)
	at org.apache.catalina.startup.HostConfig.deployDirectory(HostConfig.java:926)
	at org.apache.catalina.startup.HostConfig.deployDirectories(HostConfig.java:889)
	at org.apache.catalina.startup.HostConfig.deployApps(HostConfig.java:492)
	at org.apache.catalina.startup.HostConfig.start(HostConfig.java:1149)
	at org.apache.catalina.startup.HostConfig.lifecycleEvent(HostConfig.java:311)
	at org.apache.catalina.util.LifecycleSupport.fireLifecycleEvent(LifecycleSupport.java:117)
	at org.apache.catalina.core.ContainerBase.start(ContainerBase.java:1053)
	at org.apache.catalina.core.StandardHost.start(StandardHost.java:719)
	at org.apache.catalina.core.ContainerBase.start(ContainerBase.java:1045)
	at org.apache.catalina.core.StandardEngine.start(StandardEngine.java:443)
	at org.apache.catalina.core.StandardService.start(StandardService.java:516)
	at org.apache.catalina.core.StandardServer.start(StandardServer.java:710)
	at org.apache.catalina.startup.Catalina.start(Catalina.java:578)
	at sun.reflect.NativeMethodAccessorImpl.invoke0(Native Method)
	at sun.reflect.NativeMethodAccessorImpl.invoke(Unknown Source)
	at sun.reflect.DelegatingMethodAccessorImpl.invoke(Unknown Source)
	at java.lang.reflect.Method.invoke(Unknown Source)
	at org.apache.catalina.startup.Bootstrap.start(Bootstrap.java:288)
	at org.apache.catalina.startup.Bootstrap.main(Bootstrap.java:413)
[Controller]2011-05-16 20:46:19,769 INFO [main] org.openremote.controller.bootstrap.Startup$Log4jRedirect.publish(221) | Initialized JUL to LOG4J Redirector.
[Controller]2011-05-16 20:46:19,824 INFO [main] org.openremote.controller.bootstrap.Startup$Log4jRedirect.publish(221) | Programmatically set 'useParentHandlers=false' in 'OpenRemote.Controller' log category.
[Controller]2011-05-16 20:46:22,636 ERROR [main] org.springframework.web.context.ContextLoader.initWebApplicationContext(205) | Context initialization failed
org.springframework.beans.factory.CannotLoadBeanClassException: Cannot find class [org.openremote.controller.service.impl.ControllerXMLChangeServiceImpl] for bean with name 'controllerXMLChangeService' defined in ServletContext resource [/WEB-INF/classes/applicationContext.xml]; nested exception is java.lang.ClassNotFoundException: org.openremote.controller.service.impl.ControllerXMLChangeServiceImpl
Caused by: 
java.lang.ClassNotFoundException: org.openremote.controller.service.impl.ControllerXMLChangeServiceImpl
	at org.apache.catalina.loader.WebappClassLoader.loadClass(WebappClassLoader.java:1387)
	at org.apache.catalina.loader.WebappClassLoader.loadClass(WebappClassLoader.java:1233)
	at org.springframework.util.ClassUtils.forName(ClassUtils.java:177)
	at org.springframework.beans.factory.support.AbstractBeanDefinition.resolveBeanClass(AbstractBeanDefinition.java:313)
	at org.springframework.beans.factory.support.AbstractBeanFactory.resolveBeanClass(AbstractBeanFactory.java:912)
	at org.springframework.beans.factory.support.DefaultListableBeanFactory.getBeanNamesForType(DefaultListableBeanFactory.java:165)
	at org.springframework.context.support.AbstractApplicationContext.getBeanNamesForType(AbstractApplicationContext.java:687)
	at org.springframework.context.support.AbstractApplicationContext.invokeBeanFactoryPostProcessors(AbstractApplicationContext.java:397)
	at org.springframework.context.support.AbstractApplicationContext.refresh(AbstractApplicationContext.java:330)
	at org.springframework.web.context.support.AbstractRefreshableWebApplicationContext.refresh(AbstractRefreshableWebApplicationContext.java:156)
	at org.springframework.web.context.ContextLoader.createWebApplicationContext(ContextLoader.java:246)
	at org.springframework.web.context.ContextLoader.initWebApplicationContext(ContextLoader.java:184)
	at org.springframework.web.context.ContextLoaderListener.contextInitialized(ContextLoaderListener.java:49)
	at org.apache.catalina.core.StandardContext.listenerStart(StandardContext.java:3843)
	at org.apache.catalina.core.StandardContext.start(StandardContext.java:4342)
	at org.apache.catalina.core.ContainerBase.addChildInternal(ContainerBase.java:791)
	at org.apache.catalina.core.ContainerBase.addChild(ContainerBase.java:771)
	at org.apache.catalina.core.StandardHost.addChild(StandardHost.java:525)
	at org.apache.catalina.startup.HostConfig.deployDirectory(HostConfig.java:926)
	at org.apache.catalina.startup.HostConfig.deployDirectories(HostConfig.java:889)
	at org.apache.catalina.startup.HostConfig.deployApps(HostConfig.java:492)
	at org.apache.catalina.startup.HostConfig.start(HostConfig.java:1149)
	at org.apache.catalina.startup.HostConfig.lifecycleEvent(HostConfig.java:311)
	at org.apache.catalina.util.LifecycleSupport.fireLifecycleEvent(LifecycleSupport.java:117)
	at org.apache.catalina.core.ContainerBase.start(ContainerBase.java:1053)
	at org.apache.catalina.core.StandardHost.start(StandardHost.java:719)
	at org.apache.catalina.core.ContainerBase.start(ContainerBase.java:1045)
	at org.apache.catalina.core.StandardEngine.start(StandardEngine.java:443)
	at org.apache.catalina.core.StandardService.start(StandardService.java:516)
	at org.apache.catalina.core.StandardServer.start(StandardServer.java:710)
	at org.apache.catalina.startup.Catalina.start(Catalina.java:578)
	at sun.reflect.NativeMethodAccessorImpl.invoke0(Native Method)
	at sun.reflect.NativeMethodAccessorImpl.invoke(Unknown Source)
	at sun.reflect.DelegatingMethodAccessorImpl.invoke(Unknown Source)
	at java.lang.reflect.Method.invoke(Unknown Source)
	at org.apache.catalina.startup.Bootstrap.start(Bootstrap.java:288)
	at org.apache.catalina.startup.Bootstrap.main(Bootstrap.java:413)
